[ 2014-12-12T20:12:21+08:00 ] 120.210.174.128 /demo/wish/
INFO: [ app_begin ] --START--
INFO: ReadHtmlCache Behavior ::run [ RunTime:0.000824s ]
INFO: [ app_begin ] --END-- [ RunTime:0.000924s ]
SQL: SHOW COLUMNS FROM `hd_wish` [ RunTime:0.001680s ]
SQL: SELECT * FROM `hd_wish`  [ RunTime:0.000259s ]
INFO: [ view_parse ] --START--
INFO: ParseTemplate Behavior ::run [ RunTime:0.010342s ]
INFO: [ view_parse ] --END-- [ RunTime:0.010491s ]
INFO: [ view_filter ] --START--
INFO: ContentReplace Behavior ::run [ RunTime:0.000464s ]
INFO: TokenBuild Behavior ::run [ RunTime:0.000554s ]
INFO: WriteHtmlCache Behavior ::run [ RunTime:0.000427s ]
INFO: ShowRuntime Behavior ::run [ RunTime:0.000560s ]
INFO: [ view_filter ] --END-- [ RunTime:0.002199s ]
INFO: [ view_end ] --START--
INFO: ShowPageTrace Behavior ::run [ RunTime:0.000705s ]
INFO: [ view_end ] --END-- [ RunTime:0.000777s ]

[ 2014-12-12T20:12:41+08:00 ] 120.210.174.128 /demo/wish/index.php/Home/Index/handle
INFO: [ route_check ] --START--
INFO: CheckRoute Behavior ::run [ RunTime:0.001161s ]
INFO: [ route_check ] --END-- [ RunTime:0.001268s ]
INFO: [ app_begin ] --START--
INFO: ReadHtmlCache Behavior ::run [ RunTime:0.000924s ]
INFO: [ app_begin ] --END-- [ RunTime:0.000985s ]
SQL: SHOW COLUMNS FROM `hd_wish` [ RunTime:0.001556s ]
SQL: INSERT INTO `hd_wish` (`username`,`content`,`time`) VALUES ('123','happy',1418386361) [ RunTime:0.000222s ]

[ 2014-12-12T20:13:03+08:00 ] 120.210.174.128 /demo/wish/index.php/Home/Index/handle
INFO: [ route_check ] --START--
INFO: CheckRoute Behavior ::run [ RunTime:0.001021s ]
INFO: [ route_check ] --END-- [ RunTime:0.001147s ]
INFO: [ app_begin ] --START--
INFO: ReadHtmlCache Behavior ::run [ RunTime:0.000719s ]
INFO: [ app_begin ] --END-- [ RunTime:0.000787s ]
SQL: SHOW COLUMNS FROM `hd_wish` [ RunTime:0.001635s ]
SQL: INSERT INTO `hd_wish` (`username`,`content`,`time`) VALUES ('123','东方的太阳神',1418386383) [ RunTime:0.000247s ]

[ 2014-12-12T20:13:34+08:00 ] 120.210.174.128 /demo/wish/index.php/Home/Index/handle
INFO: [ route_check ] --START--
INFO: CheckRoute Behavior ::run [ RunTime:0.000908s ]
INFO: [ route_check ] --END-- [ RunTime:0.001011s ]
INFO: [ app_begin ] --START--
INFO: ReadHtmlCache Behavior ::run [ RunTime:0.000653s ]
INFO: [ app_begin ] --END-- [ RunTime:0.000713s ]
SQL: SHOW COLUMNS FROM `hd_wish` [ RunTime:0.001704s ]
SQL: INSERT INTO `hd_wish` (`username`,`content`,`time`) VALUES ('456','每个人都好',1418386414) [ RunTime:0.000232s ]

[ 2014-12-12T20:14:24+08:00 ] 120.210.174.8 /demo/wish/index.php/Home/Index/handle
INFO: [ route_check ] --START--
INFO: CheckRoute Behavior ::run [ RunTime:0.000921s ]
INFO: [ route_check ] --END-- [ RunTime:0.001031s ]
INFO: [ app_begin ] --START--
INFO: ReadHtmlCache Behavior ::run [ RunTime:0.000668s ]
INFO: [ app_begin ] --END-- [ RunTime:0.000734s ]
SQL: SHOW COLUMNS FROM `hd_wish` [ RunTime:0.002156s ]
SQL: INSERT INTO `hd_wish` (`username`,`content`,`time`) VALUES ('Li','每个人都好df ',1418386464) [ RunTime:0.000396s ]

[ 2014-12-12T20:14:43+08:00 ] 120.210.174.8 /demo/wish/
INFO: [ app_begin ] --START--
INFO: ReadHtmlCache Behavior ::run [ RunTime:0.000727s ]
INFO: [ app_begin ] --END-- [ RunTime:0.000866s ]
SQL: SHOW COLUMNS FROM `hd_wish` [ RunTime:0.001533s ]
SQL: SELECT * FROM `hd_wish`  [ RunTime:0.000287s ]
INFO: [ view_parse ] --START--
INFO: ParseTemplate Behavior ::run [ RunTime:0.009843s ]
INFO: [ view_parse ] --END-- [ RunTime:0.009980s ]
INFO: [ view_filter ] --START--
INFO: ContentReplace Behavior ::run [ RunTime:0.000570s ]
INFO: TokenBuild Behavior ::run [ RunTime:0.000474s ]
INFO: WriteHtmlCache Behavior ::run [ RunTime:0.000376s ]
INFO: ShowRuntime Behavior ::run [ RunTime:0.000651s ]
INFO: [ view_filter ] --END-- [ RunTime:0.002282s ]
INFO: [ view_end ] --START--
INFO: ShowPageTrace Behavior ::run [ RunTime:0.000681s ]
INFO: [ view_end ] --END-- [ RunTime:0.000754s ]

[ 2014-12-12T20:17:06+08:00 ] 120.210.174.8 /demo/wish/index.php
INFO: [ app_begin ] --START--
INFO: ReadHtmlCache Behavior ::run [ RunTime:0.000952s ]
INFO: [ app_begin ] --END-- [ RunTime:0.001064s ]
SQL: SHOW COLUMNS FROM `hd_wish` [ RunTime:0.001961s ]
SQL: SELECT * FROM `hd_wish`  [ RunTime:0.000329s ]
INFO: [ view_parse ] --START--
INFO: ParseTemplate Behavior ::run [ RunTime:0.012159s ]
INFO: [ view_parse ] --END-- [ RunTime:0.012284s ]
INFO: [ view_filter ] --START--
INFO: ContentReplace Behavior ::run [ RunTime:0.000832s ]
INFO: TokenBuild Behavior ::run [ RunTime:0.000726s ]
INFO: WriteHtmlCache Behavior ::run [ RunTime:0.000664s ]
INFO: ShowRuntime Behavior ::run [ RunTime:0.000797s ]
INFO: [ view_filter ] --END-- [ RunTime:0.003272s ]
INFO: [ view_end ] --START--
INFO: ShowPageTrace Behavior ::run [ RunTime:0.000964s ]
INFO: [ view_end ] --END-- [ RunTime:0.001040s ]

[ 2014-12-12T20:17:38+08:00 ] 120.210.174.8 /demo/wish/index.php
INFO: [ app_begin ] --START--
INFO: ReadHtmlCache Behavior ::run [ RunTime:0.000860s ]
INFO: [ app_begin ] --END-- [ RunTime:0.001003s ]
SQL: SHOW COLUMNS FROM `hd_wish` [ RunTime:0.002402s ]
SQL: SELECT * FROM `hd_wish`  [ RunTime:0.000442s ]
INFO: [ view_parse ] --START--
INFO: ParseTemplate Behavior ::run [ RunTime:0.011777s ]
INFO: [ view_parse ] --END-- [ RunTime:0.011951s ]
INFO: [ view_filter ] --START--
INFO: ContentReplace Behavior ::run [ RunTime:0.000760s ]
INFO: TokenBuild Behavior ::run [ RunTime:0.000729s ]
INFO: WriteHtmlCache Behavior ::run [ RunTime:0.000664s ]
INFO: ShowRuntime Behavior ::run [ RunTime:0.000839s ]
INFO: [ view_filter ] --END-- [ RunTime:0.003203s ]
INFO: [ view_end ] --START--
INFO: ShowPageTrace Behavior ::run [ RunTime:0.000929s ]
INFO: [ view_end ] --END-- [ RunTime:0.001002s ]

[ 2014-12-12T20:17:38+08:00 ] 120.210.174.8 /demo/wish/index.php
INFO: [ app_begin ] --START--
INFO: ReadHtmlCache Behavior ::run [ RunTime:0.000894s ]
INFO: [ app_begin ] --END-- [ RunTime:0.001012s ]
SQL: SHOW COLUMNS FROM `hd_wish` [ RunTime:0.001529s ]
SQL: SELECT * FROM `hd_wish`  [ RunTime:0.000278s ]
INFO: [ view_parse ] --START--
INFO: ParseTemplate Behavior ::run [ RunTime:0.010416s ]
INFO: [ view_parse ] --END-- [ RunTime:0.010527s ]
INFO: [ view_filter ] --START--
INFO: ContentReplace Behavior ::run [ RunTime:0.000720s ]
INFO: TokenBuild Behavior ::run [ RunTime:0.000725s ]
INFO: WriteHtmlCache Behavior ::run [ RunTime:0.000610s ]
INFO: ShowRuntime Behavior ::run [ RunTime:0.000816s ]
INFO: [ view_filter ] --END-- [ RunTime:0.003080s ]
INFO: [ view_end ] --START--
INFO: ShowPageTrace Behavior ::run [ RunTime:0.000908s ]
INFO: [ view_end ] --END-- [ RunTime:0.000981s ]

[ 2014-12-12T20:17:38+08:00 ] 120.210.174.8 /demo/wish/index.php
INFO: [ app_begin ] --START--
INFO: ReadHtmlCache Behavior ::run [ RunTime:0.000871s ]
INFO: [ app_begin ] --END-- [ RunTime:0.000991s ]
SQL: SHOW COLUMNS FROM `hd_wish` [ RunTime:0.001609s ]
SQL: SELECT * FROM `hd_wish`  [ RunTime:0.000300s ]
INFO: [ view_parse ] --START--
INFO: ParseTemplate Behavior ::run [ RunTime:0.010952s ]
INFO: [ view_parse ] --END-- [ RunTime:0.011067s ]
INFO: [ view_filter ] --START--
INFO: ContentReplace Behavior ::run [ RunTime:0.000750s ]
INFO: TokenBuild Behavior ::run [ RunTime:0.000700s ]
INFO: WriteHtmlCache Behavior ::run [ RunTime:0.000646s ]
INFO: ShowRuntime Behavior ::run [ RunTime:0.000780s ]
INFO: [ view_filter ] --END-- [ RunTime:0.003094s ]
INFO: [ view_end ] --START--
INFO: ShowPageTrace Behavior ::run [ RunTime:0.001093s ]
INFO: [ view_end ] --END-- [ RunTime:0.001164s ]

[ 2014-12-12T20:17:38+08:00 ] 120.210.174.8 /demo/wish/index.php
INFO: [ app_begin ] --START--
INFO: ReadHtmlCache Behavior ::run [ RunTime:0.000887s ]
INFO: [ app_begin ] --END-- [ RunTime:0.000996s ]
SQL: SHOW COLUMNS FROM `hd_wish` [ RunTime:0.002005s ]
SQL: SELECT * FROM `hd_wish`  [ RunTime:0.000335s ]
INFO: [ view_parse ] --START--
INFO: ParseTemplate Behavior ::run [ RunTime:0.011616s ]
INFO: [ view_parse ] --END-- [ RunTime:0.011753s ]
INFO: [ view_filter ] --START--
INFO: ContentReplace Behavior ::run [ RunTime:0.000764s ]
INFO: TokenBuild Behavior ::run [ RunTime:0.000703s ]
INFO: WriteHtmlCache Behavior ::run [ RunTime:0.000590s ]
INFO: ShowRuntime Behavior ::run [ RunTime:0.000787s ]
INFO: [ view_filter ] --END-- [ RunTime:0.003066s ]
INFO: [ view_end ] --START--
INFO: ShowPageTrace Behavior ::run [ RunTime:0.000928s ]
INFO: [ view_end ] --END-- [ RunTime:0.000999s ]

[ 2014-12-12T20:17:38+08:00 ] 120.210.174.8 /demo/wish/index.php
INFO: [ app_begin ] --START--
INFO: ReadHtmlCache Behavior ::run [ RunTime:0.000883s ]
INFO: [ app_begin ] --END-- [ RunTime:0.000991s ]
SQL: SHOW COLUMNS FROM `hd_wish` [ RunTime:0.001478s ]
SQL: SELECT * FROM `hd_wish`  [ RunTime:0.000252s ]
INFO: [ view_parse ] --START--
INFO: ParseTemplate Behavior ::run [ RunTime:0.010612s ]
INFO: [ view_parse ] --END-- [ RunTime:0.010724s ]
INFO: [ view_filter ] --START--
INFO: ContentReplace Behavior ::run [ RunTime:0.000733s ]
INFO: TokenBuild Behavior ::run [ RunTime:0.000719s ]
INFO: WriteHtmlCache Behavior ::run [ RunTime:0.000609s ]
INFO: ShowRuntime Behavior ::run [ RunTime:0.000783s ]
INFO: [ view_filter ] --END-- [ RunTime:0.003047s ]
INFO: [ view_end ] --START--
INFO: ShowPageTrace Behavior ::run [ RunTime:0.000943s ]
INFO: [ view_end ] --END-- [ RunTime:0.001016s ]

[ 2014-12-12T20:17:38+08:00 ] 120.210.174.8 /demo/wish/index.php
INFO: [ app_begin ] --START--
INFO: ReadHtmlCache Behavior ::run [ RunTime:0.000889s ]
INFO: [ app_begin ] --END-- [ RunTime:0.000995s ]
SQL: SHOW COLUMNS FROM `hd_wish` [ RunTime:0.001774s ]
SQL: SELECT * FROM `hd_wish`  [ RunTime:0.000271s ]
INFO: [ view_parse ] --START--
INFO: ParseTemplate Behavior ::run [ RunTime:0.010628s ]
INFO: [ view_parse ] --END-- [ RunTime:0.010756s ]
INFO: [ view_filter ] --START--
INFO: ContentReplace Behavior ::run [ RunTime:0.000753s ]
INFO: TokenBuild Behavior ::run [ RunTime:0.000718s ]
INFO: WriteHtmlCache Behavior ::run [ RunTime:0.000608s ]
INFO: ShowRuntime Behavior ::run [ RunTime:0.000810s ]
INFO: [ view_filter ] --END-- [ RunTime:0.003097s ]
INFO: [ view_end ] --START--
INFO: ShowPageTrace Behavior ::run [ RunTime:0.000951s ]
INFO: [ view_end ] --END-- [ RunTime:0.001026s ]

[ 2014-12-12T20:17:38+08:00 ] 120.210.174.8 /demo/wish/index.php
INFO: [ app_begin ] --START--
INFO: ReadHtmlCache Behavior ::run [ RunTime:0.000934s ]
INFO: [ app_begin ] --END-- [ RunTime:0.001076s ]
SQL: SHOW COLUMNS FROM `hd_wish` [ RunTime:0.001541s ]
SQL: SELECT * FROM `hd_wish`  [ RunTime:0.000250s ]
INFO: [ view_parse ] --START--
INFO: ParseTemplate Behavior ::run [ RunTime:0.010930s ]
INFO: [ view_parse ] --END-- [ RunTime:0.011040s ]
INFO: [ view_filter ] --START--
INFO: ContentReplace Behavior ::run [ RunTime:0.000741s ]
INFO: TokenBuild Behavior ::run [ RunTime:0.000867s ]
INFO: WriteHtmlCache Behavior ::run [ RunTime:0.000635s ]
INFO: ShowRuntime Behavior ::run [ RunTime:0.000909s ]
INFO: [ view_filter ] --END-- [ RunTime:0.003379s ]
INFO: [ view_end ] --START--
INFO: ShowPageTrace Behavior ::run [ RunTime:0.001199s ]
INFO: [ view_end ] --END-- [ RunTime:0.001285s ]

