[ 2014-12-27T07:35:39+08:00 ] 220.181.108.170 /demo/wish/
INFO: [ app_begin ] --START--
INFO: ReadHtmlCache Behavior ::run [ RunTime:0.000788s ]
INFO: [ app_begin ] --END-- [ RunTime:0.000904s ]
SQL: SHOW COLUMNS FROM `hd_wish` [ RunTime:0.001863s ]
SQL: SELECT * FROM `hd_wish`  [ RunTime:0.000306s ]
INFO: [ view_parse ] --START--
INFO: ParseTemplate Behavior ::run [ RunTime:0.010650s ]
INFO: [ view_parse ] --END-- [ RunTime:0.010765s ]
INFO: [ view_filter ] --START--
INFO: ContentReplace Behavior ::run [ RunTime:0.000567s ]
INFO: TokenBuild Behavior ::run [ RunTime:0.000509s ]
INFO: WriteHtmlCache Behavior ::run [ RunTime:0.000432s ]
INFO: ShowRuntime Behavior ::run [ RunTime:0.000649s ]
INFO: [ view_filter ] --END-- [ RunTime:0.002377s ]
INFO: [ view_end ] --START--
INFO: ShowPageTrace Behavior ::run [ RunTime:0.000698s ]
INFO: [ view_end ] --END-- [ RunTime:0.000771s ]

[ 2014-12-27T23:51:05+08:00 ] 81.144.138.34 /demo/wish/
INFO: [ app_begin ] --START--
INFO: ReadHtmlCache Behavior ::run [ RunTime:0.000901s ]
INFO: [ app_begin ] --END-- [ RunTime:0.001029s ]
SQL: SHOW COLUMNS FROM `hd_wish` [ RunTime:0.001731s ]
SQL: SELECT * FROM `hd_wish`  [ RunTime:0.000300s ]
INFO: [ view_parse ] --START--
INFO: ParseTemplate Behavior ::run [ RunTime:0.011481s ]
INFO: [ view_parse ] --END-- [ RunTime:0.011620s ]
INFO: [ view_filter ] --START--
INFO: ContentReplace Behavior ::run [ RunTime:0.000718s ]
INFO: TokenBuild Behavior ::run [ RunTime:0.000759s ]
INFO: WriteHtmlCache Behavior ::run [ RunTime:0.000604s ]
INFO: ShowRuntime Behavior ::run [ RunTime:0.000843s ]
INFO: [ view_filter ] --END-- [ RunTime:0.003177s ]
INFO: [ view_end ] --START--
INFO: ShowPageTrace Behavior ::run [ RunTime:0.001171s ]
INFO: [ view_end ] --END-- [ RunTime:0.001264s ]

