[ 2014-12-27T08:51:01+08:00 ] 127.0.0.1 /blog/index.php/Admin
INFO: [ route_check ] --START--
INFO: CheckRoute Behavior ::run [ RunTime:0.001072s ]
INFO: [ route_check ] --END-- [ RunTime:0.017681s ]
INFO: [ app_begin ] --START--
INFO: ReadHtmlCache Behavior ::run [ RunTime:0.000742s ]
INFO: [ app_begin ] --END-- [ RunTime:0.000884s ]

[ 2014-12-27T08:51:01+08:00 ] 127.0.0.1 /blog/index.php/Admin/Login/index.html
INFO: [ route_check ] --START--
INFO: CheckRoute Behavior ::run [ RunTime:0.000797s ]
INFO: [ route_check ] --END-- [ RunTime:0.000965s ]
INFO: [ app_begin ] --START--
INFO: ReadHtmlCache Behavior ::run [ RunTime:0.000716s ]
INFO: [ app_begin ] --END-- [ RunTime:0.000856s ]
INFO: [ view_parse ] --START--
NOTIC: [8] Undefined variable: user D:\wamp\www\blog\APP\Runtime\Cache\Admin\e12b7895fb88849814b805949664dd75.php 第 50 行.
INFO: ParseTemplate Behavior ::run [ RunTime:0.010055s ]
INFO: [ view_parse ] --END-- [ RunTime:0.010231s ]
INFO: [ view_filter ] --START--
INFO: ContentReplace Behavior ::run [ RunTime:0.003463s ]
INFO: TokenBuild Behavior ::run [ RunTime:0.000822s ]
INFO: WriteHtmlCache Behavior ::run [ RunTime:0.000820s ]
INFO: ShowRuntime Behavior ::run [ RunTime:0.001775s ]
INFO: [ view_filter ] --END-- [ RunTime:0.007477s ]
INFO: [ view_end ] --START--
INFO: ShowPageTrace Behavior ::run [ RunTime:0.001156s ]
INFO: [ view_end ] --END-- [ RunTime:0.001303s ]

[ 2014-12-27T08:51:01+08:00 ] 127.0.0.1 /blog/index.php/Admin/Login/verify
INFO: [ route_check ] --START--
INFO: CheckRoute Behavior ::run [ RunTime:0.000658s ]
INFO: [ route_check ] --END-- [ RunTime:0.000794s ]
INFO: [ app_begin ] --START--
INFO: ReadHtmlCache Behavior ::run [ RunTime:0.000490s ]
INFO: [ app_begin ] --END-- [ RunTime:0.000609s ]

[ 2014-12-27T08:51:03+08:00 ] 127.0.0.1 /blog/
INFO: [ app_begin ] --START--
INFO: ReadHtmlCache Behavior ::run [ RunTime:0.000913s ]
INFO: [ app_begin ] --END-- [ RunTime:0.001123s ]
INFO: [ view_parse ] --START--
NOTIC: [2] file_get_contents(./APP/Modules/Index/Tpl/Commond/bootom.html) [<a href='function.file-get-contents'>function.file-get-contents</a>]: failed to open stream: No such file or directory D:\wamp\www\blog\ThinkPHP\Lib\Template\ThinkTemplate.class.php 第 695 行.
SQL: SHOW COLUMNS FROM `hd_cate` [ RunTime:0.079624s ]
SQL: SELECT * FROM `hd_cate` ORDER BY sort  [ RunTime:0.000441s ]
INFO: ParseTemplate Behavior ::run [ RunTime:0.112155s ]
INFO: [ view_parse ] --END-- [ RunTime:0.112330s ]
INFO: [ view_filter ] --START--
INFO: ContentReplace Behavior ::run [ RunTime:0.000405s ]
INFO: TokenBuild Behavior ::run [ RunTime:0.000392s ]
INFO: WriteHtmlCache Behavior ::run [ RunTime:0.000277s ]
INFO: ShowRuntime Behavior ::run [ RunTime:0.000478s ]
INFO: [ view_filter ] --END-- [ RunTime:0.001830s ]
INFO: [ view_end ] --START--
INFO: ShowPageTrace Behavior ::run [ RunTime:0.000515s ]
INFO: [ view_end ] --END-- [ RunTime:0.000624s ]

[ 2014-12-27T08:51:03+08:00 ] 127.0.0.1 /blog/
INFO: [ app_begin ] --START--
INFO: ReadHtmlCache Behavior ::run [ RunTime:0.000584s ]
INFO: [ app_begin ] --END-- [ RunTime:0.000701s ]
INFO: [ view_parse ] --START--
NOTIC: [2] file_get_contents(./APP/Modules/Index/Tpl/Commond/bootom.html) [<a href='function.file-get-contents'>function.file-get-contents</a>]: failed to open stream: No such file or directory D:\wamp\www\blog\ThinkPHP\Lib\Template\ThinkTemplate.class.php 第 695 行.
SQL: SHOW COLUMNS FROM `hd_cate` [ RunTime:0.005242s ]
SQL: SELECT * FROM `hd_cate` ORDER BY sort  [ RunTime:0.001042s ]
INFO: ParseTemplate Behavior ::run [ RunTime:0.042174s ]
INFO: [ view_parse ] --END-- [ RunTime:0.042439s ]
INFO: [ view_filter ] --START--
INFO: ContentReplace Behavior ::run [ RunTime:0.000937s ]
INFO: TokenBuild Behavior ::run [ RunTime:0.000487s ]
INFO: WriteHtmlCache Behavior ::run [ RunTime:0.000334s ]
INFO: ShowRuntime Behavior ::run [ RunTime:0.000527s ]
INFO: [ view_filter ] --END-- [ RunTime:0.002590s ]
INFO: [ view_end ] --START--
INFO: ShowPageTrace Behavior ::run [ RunTime:0.000534s ]
INFO: [ view_end ] --END-- [ RunTime:0.000633s ]

[ 2014-12-27T08:51:05+08:00 ] 127.0.0.1 /blog/
INFO: [ app_begin ] --START--
INFO: ReadHtmlCache Behavior ::run [ RunTime:0.000511s ]
INFO: [ app_begin ] --END-- [ RunTime:0.000630s ]
INFO: [ view_parse ] --START--
NOTIC: [2] file_get_contents(./APP/Modules/Index/Tpl/Commond/bootom.html) [<a href='function.file-get-contents'>function.file-get-contents</a>]: failed to open stream: No such file or directory D:\wamp\www\blog\ThinkPHP\Lib\Template\ThinkTemplate.class.php 第 695 行.
SQL: SHOW COLUMNS FROM `hd_cate` [ RunTime:0.001564s ]
SQL: SELECT * FROM `hd_cate` ORDER BY sort  [ RunTime:0.000560s ]
INFO: ParseTemplate Behavior ::run [ RunTime:0.036111s ]
INFO: [ view_parse ] --END-- [ RunTime:0.036235s ]
INFO: [ view_filter ] --START--
INFO: ContentReplace Behavior ::run [ RunTime:0.000440s ]
INFO: TokenBuild Behavior ::run [ RunTime:0.000391s ]
INFO: WriteHtmlCache Behavior ::run [ RunTime:0.000275s ]
INFO: ShowRuntime Behavior ::run [ RunTime:0.000480s ]
INFO: [ view_filter ] --END-- [ RunTime:0.001860s ]
INFO: [ view_end ] --START--
INFO: ShowPageTrace Behavior ::run [ RunTime:0.000527s ]
INFO: [ view_end ] --END-- [ RunTime:0.000626s ]

[ 2014-12-27T08:51:05+08:00 ] 127.0.0.1 /blog/
INFO: [ app_begin ] --START--
INFO: ReadHtmlCache Behavior ::run [ RunTime:0.003359s ]
INFO: [ app_begin ] --END-- [ RunTime:0.003547s ]
INFO: [ view_parse ] --START--
NOTIC: [2] file_get_contents(./APP/Modules/Index/Tpl/Commond/bootom.html) [<a href='function.file-get-contents'>function.file-get-contents</a>]: failed to open stream: No such file or directory D:\wamp\www\blog\ThinkPHP\Lib\Template\ThinkTemplate.class.php 第 695 行.
SQL: SHOW COLUMNS FROM `hd_cate` [ RunTime:0.002826s ]
SQL: SELECT * FROM `hd_cate` ORDER BY sort  [ RunTime:0.001151s ]
INFO: ParseTemplate Behavior ::run [ RunTime:0.036556s ]
INFO: [ view_parse ] --END-- [ RunTime:0.036694s ]
INFO: [ view_filter ] --START--
INFO: ContentReplace Behavior ::run [ RunTime:0.000410s ]
INFO: TokenBuild Behavior ::run [ RunTime:0.000394s ]
INFO: WriteHtmlCache Behavior ::run [ RunTime:0.000277s ]
INFO: ShowRuntime Behavior ::run [ RunTime:0.000475s ]
INFO: [ view_filter ] --END-- [ RunTime:0.001832s ]
INFO: [ view_end ] --START--
INFO: ShowPageTrace Behavior ::run [ RunTime:0.000494s ]
INFO: [ view_end ] --END-- [ RunTime:0.000597s ]

[ 2014-12-27T08:51:06+08:00 ] 127.0.0.1 /blog/
INFO: [ app_begin ] --START--
INFO: ReadHtmlCache Behavior ::run [ RunTime:0.000477s ]
INFO: [ app_begin ] --END-- [ RunTime:0.000592s ]
INFO: [ view_parse ] --START--
NOTIC: [2] file_get_contents(./APP/Modules/Index/Tpl/Commond/bootom.html) [<a href='function.file-get-contents'>function.file-get-contents</a>]: failed to open stream: No such file or directory D:\wamp\www\blog\ThinkPHP\Lib\Template\ThinkTemplate.class.php 第 695 行.
SQL: SHOW COLUMNS FROM `hd_cate` [ RunTime:0.004457s ]
SQL: SELECT * FROM `hd_cate` ORDER BY sort  [ RunTime:0.000412s ]
INFO: ParseTemplate Behavior ::run [ RunTime:0.028209s ]
INFO: [ view_parse ] --END-- [ RunTime:0.028329s ]
INFO: [ view_filter ] --START--
INFO: ContentReplace Behavior ::run [ RunTime:0.000416s ]
INFO: TokenBuild Behavior ::run [ RunTime:0.000392s ]
INFO: WriteHtmlCache Behavior ::run [ RunTime:0.000282s ]
INFO: ShowRuntime Behavior ::run [ RunTime:0.000474s ]
INFO: [ view_filter ] --END-- [ RunTime:0.001839s ]
INFO: [ view_end ] --START--
INFO: ShowPageTrace Behavior ::run [ RunTime:0.000488s ]
INFO: [ view_end ] --END-- [ RunTime:0.000586s ]

[ 2014-12-27T08:51:06+08:00 ] 127.0.0.1 /blog/
INFO: [ app_begin ] --START--
INFO: ReadHtmlCache Behavior ::run [ RunTime:0.000695s ]
INFO: [ app_begin ] --END-- [ RunTime:0.000860s ]
INFO: [ view_parse ] --START--
NOTIC: [2] file_get_contents(./APP/Modules/Index/Tpl/Commond/bootom.html) [<a href='function.file-get-contents'>function.file-get-contents</a>]: failed to open stream: No such file or directory D:\wamp\www\blog\ThinkPHP\Lib\Template\ThinkTemplate.class.php 第 695 行.
SQL: SHOW COLUMNS FROM `hd_cate` [ RunTime:0.004922s ]
SQL: SELECT * FROM `hd_cate` ORDER BY sort  [ RunTime:0.000977s ]
INFO: ParseTemplate Behavior ::run [ RunTime:0.042486s ]
INFO: [ view_parse ] --END-- [ RunTime:0.042698s ]
INFO: [ view_filter ] --START--
INFO: ContentReplace Behavior ::run [ RunTime:0.000849s ]
INFO: TokenBuild Behavior ::run [ RunTime:0.000446s ]
INFO: WriteHtmlCache Behavior ::run [ RunTime:0.000299s ]
INFO: ShowRuntime Behavior ::run [ RunTime:0.000476s ]
INFO: [ view_filter ] --END-- [ RunTime:0.002375s ]
INFO: [ view_end ] --START--
INFO: ShowPageTrace Behavior ::run [ RunTime:0.000485s ]
INFO: [ view_end ] --END-- [ RunTime:0.000585s ]

[ 2014-12-27T08:51:14+08:00 ] 127.0.0.1 /blog/
INFO: [ app_begin ] --START--
INFO: ReadHtmlCache Behavior ::run [ RunTime:0.000474s ]
INFO: [ app_begin ] --END-- [ RunTime:0.000587s ]
INFO: [ view_parse ] --START--
NOTIC: [2] file_get_contents(./APP/Modules/Index/Tpl/Commond/bootom.html) [<a href='function.file-get-contents'>function.file-get-contents</a>]: failed to open stream: No such file or directory D:\wamp\www\blog\ThinkPHP\Lib\Template\ThinkTemplate.class.php 第 695 行.
SQL: SHOW COLUMNS FROM `hd_cate` [ RunTime:0.001894s ]
SQL: SELECT * FROM `hd_cate` ORDER BY sort  [ RunTime:0.000490s ]
INFO: ParseTemplate Behavior ::run [ RunTime:0.027524s ]
INFO: [ view_parse ] --END-- [ RunTime:0.027642s ]
INFO: [ view_filter ] --START--
INFO: ContentReplace Behavior ::run [ RunTime:0.000408s ]
INFO: TokenBuild Behavior ::run [ RunTime:0.000397s ]
INFO: WriteHtmlCache Behavior ::run [ RunTime:0.000277s ]
INFO: ShowRuntime Behavior ::run [ RunTime:0.000492s ]
INFO: [ view_filter ] --END-- [ RunTime:0.001850s ]
INFO: [ view_end ] --START--
INFO: ShowPageTrace Behavior ::run [ RunTime:0.000486s ]
INFO: [ view_end ] --END-- [ RunTime:0.000584s ]

[ 2014-12-27T08:51:21+08:00 ] 127.0.0.1 /blog/index.php/list
INFO: [ route_check ] --START--
INFO: CheckRoute Behavior ::run [ RunTime:0.000695s ]
INFO: [ route_check ] --END-- [ RunTime:0.000814s ]
INFO: [ app_begin ] --START--
INFO: ReadHtmlCache Behavior ::run [ RunTime:0.000508s ]
INFO: [ app_begin ] --END-- [ RunTime:0.000612s ]
ERR: 无法加载模块:list

[ 2014-12-27T08:51:26+08:00 ] 127.0.0.1 /blog/index.php/List
INFO: [ route_check ] --START--
INFO: CheckRoute Behavior ::run [ RunTime:0.001011s ]
INFO: [ route_check ] --END-- [ RunTime:0.001219s ]
INFO: [ app_begin ] --START--
INFO: ReadHtmlCache Behavior ::run [ RunTime:0.000490s ]
INFO: [ app_begin ] --END-- [ RunTime:0.000595s ]
INFO: [ view_parse ] --START--
SQL: SHOW COLUMNS FROM `hd_cate` [ RunTime:0.001689s ]
SQL: SELECT * FROM `hd_cate` ORDER BY sort  [ RunTime:0.000422s ]
INFO: ParseTemplate Behavior ::run [ RunTime:0.031852s ]
INFO: [ view_parse ] --END-- [ RunTime:0.031972s ]
INFO: [ view_filter ] --START--
INFO: ContentReplace Behavior ::run [ RunTime:0.000463s ]
INFO: TokenBuild Behavior ::run [ RunTime:0.000460s ]
INFO: WriteHtmlCache Behavior ::run [ RunTime:0.000336s ]
INFO: ShowRuntime Behavior ::run [ RunTime:0.000556s ]
INFO: [ view_filter ] --END-- [ RunTime:0.002096s ]
INFO: [ view_end ] --START--
INFO: ShowPageTrace Behavior ::run [ RunTime:0.000554s ]
INFO: [ view_end ] --END-- [ RunTime:0.000653s ]

[ 2014-12-27T08:51:43+08:00 ] 127.0.0.1 /blog/index.php/Show
INFO: [ route_check ] --START--
INFO: CheckRoute Behavior ::run [ RunTime:0.000697s ]
INFO: [ route_check ] --END-- [ RunTime:0.000817s ]
INFO: [ app_begin ] --START--
INFO: ReadHtmlCache Behavior ::run [ RunTime:0.000514s ]
INFO: [ app_begin ] --END-- [ RunTime:0.000618s ]
INFO: [ view_parse ] --START--
SQL: SHOW COLUMNS FROM `hd_cate` [ RunTime:0.001595s ]
SQL: SELECT * FROM `hd_cate` ORDER BY sort  [ RunTime:0.000353s ]
INFO: ParseTemplate Behavior ::run [ RunTime:0.019945s ]
INFO: [ view_parse ] --END-- [ RunTime:0.020059s ]
INFO: [ view_filter ] --START--
INFO: ContentReplace Behavior ::run [ RunTime:0.000457s ]
INFO: TokenBuild Behavior ::run [ RunTime:0.000443s ]
INFO: WriteHtmlCache Behavior ::run [ RunTime:0.000328s ]
INFO: ShowRuntime Behavior ::run [ RunTime:0.000520s ]
INFO: [ view_filter ] --END-- [ RunTime:0.002024s ]
INFO: [ view_end ] --START--
INFO: ShowPageTrace Behavior ::run [ RunTime:0.000553s ]
INFO: [ view_end ] --END-- [ RunTime:0.000652s ]

[ 2014-12-27T08:56:01+08:00 ] 127.0.0.1 /blog/index.php/Show
INFO: [ route_check ] --START--
INFO: CheckRoute Behavior ::run [ RunTime:0.000680s ]
INFO: [ route_check ] --END-- [ RunTime:0.000797s ]
INFO: [ app_begin ] --START--
INFO: ReadHtmlCache Behavior ::run [ RunTime:0.000514s ]
INFO: [ app_begin ] --END-- [ RunTime:0.000619s ]
INFO: [ view_parse ] --START--
SQL: SHOW COLUMNS FROM `hd_cate` [ RunTime:0.001847s ]
SQL: SELECT * FROM `hd_cate` ORDER BY sort  [ RunTime:0.000341s ]
INFO: ParseTemplate Behavior ::run [ RunTime:0.029722s ]
INFO: [ view_parse ] --END-- [ RunTime:0.029837s ]
INFO: [ view_filter ] --START--
INFO: ContentReplace Behavior ::run [ RunTime:0.000459s ]
INFO: TokenBuild Behavior ::run [ RunTime:0.000471s ]
INFO: WriteHtmlCache Behavior ::run [ RunTime:0.000332s ]
INFO: ShowRuntime Behavior ::run [ RunTime:0.000521s ]
INFO: [ view_filter ] --END-- [ RunTime:0.002065s ]
INFO: [ view_end ] --START--
INFO: ShowPageTrace Behavior ::run [ RunTime:0.000544s ]
INFO: [ view_end ] --END-- [ RunTime:0.000645s ]

[ 2014-12-27T09:03:00+08:00 ] 127.0.0.1 /blog/index.php/Show
INFO: [ route_check ] --START--
INFO: CheckRoute Behavior ::run [ RunTime:0.000679s ]
INFO: [ route_check ] --END-- [ RunTime:0.000796s ]
INFO: [ app_begin ] --START--
INFO: ReadHtmlCache Behavior ::run [ RunTime:0.000531s ]
INFO: [ app_begin ] --END-- [ RunTime:0.000634s ]
INFO: [ view_parse ] --START--
SQL: SHOW COLUMNS FROM `hd_cate` [ RunTime:0.001720s ]
SQL: SELECT * FROM `hd_cate` ORDER BY sort  [ RunTime:0.000393s ]
INFO: ParseTemplate Behavior ::run [ RunTime:0.030371s ]
INFO: [ view_parse ] --END-- [ RunTime:0.030482s ]
INFO: [ view_filter ] --START--
INFO: ContentReplace Behavior ::run [ RunTime:0.000488s ]
INFO: TokenBuild Behavior ::run [ RunTime:0.000461s ]
INFO: WriteHtmlCache Behavior ::run [ RunTime:0.000331s ]
INFO: ShowRuntime Behavior ::run [ RunTime:0.000517s ]
INFO: [ view_filter ] --END-- [ RunTime:0.002078s ]
INFO: [ view_end ] --START--
INFO: ShowPageTrace Behavior ::run [ RunTime:0.000564s ]
INFO: [ view_end ] --END-- [ RunTime:0.000683s ]

[ 2014-12-27T09:06:58+08:00 ] 127.0.0.1 /blog/index.php/Show
INFO: [ route_check ] --START--
INFO: CheckRoute Behavior ::run [ RunTime:0.000571s ]
INFO: [ route_check ] --END-- [ RunTime:0.000689s ]
INFO: [ app_begin ] --START--
INFO: ReadHtmlCache Behavior ::run [ RunTime:0.000518s ]
INFO: [ app_begin ] --END-- [ RunTime:0.000624s ]
INFO: [ view_parse ] --START--
SQL: SHOW COLUMNS FROM `hd_cate` [ RunTime:0.001573s ]
SQL: SELECT * FROM `hd_cate` ORDER BY sort  [ RunTime:0.000358s ]
INFO: ParseTemplate Behavior ::run [ RunTime:0.028868s ]
INFO: [ view_parse ] --END-- [ RunTime:0.028979s ]
INFO: [ view_filter ] --START--
INFO: ContentReplace Behavior ::run [ RunTime:0.000457s ]
INFO: TokenBuild Behavior ::run [ RunTime:0.000448s ]
INFO: WriteHtmlCache Behavior ::run [ RunTime:0.000324s ]
INFO: ShowRuntime Behavior ::run [ RunTime:0.000517s ]
INFO: [ view_filter ] --END-- [ RunTime:0.002022s ]
INFO: [ view_end ] --START--
INFO: ShowPageTrace Behavior ::run [ RunTime:0.000541s ]
INFO: [ view_end ] --END-- [ RunTime:0.000641s ]

[ 2014-12-27T09:22:12+08:00 ] 127.0.0.1 /blog/index.php/Show
INFO: [ route_check ] --START--
INFO: CheckRoute Behavior ::run [ RunTime:0.000703s ]
INFO: [ route_check ] --END-- [ RunTime:0.000827s ]
INFO: [ app_begin ] --START--
INFO: ReadHtmlCache Behavior ::run [ RunTime:0.000511s ]
INFO: [ app_begin ] --END-- [ RunTime:0.000617s ]
INFO: [ view_parse ] --START--
SQL: SHOW COLUMNS FROM `hd_cate` [ RunTime:0.001668s ]
SQL: SELECT * FROM `hd_cate` ORDER BY sort  [ RunTime:0.000418s ]
INFO: ParseTemplate Behavior ::run [ RunTime:0.029637s ]
INFO: [ view_parse ] --END-- [ RunTime:0.029752s ]
INFO: [ view_filter ] --START--
INFO: ContentReplace Behavior ::run [ RunTime:0.000461s ]
INFO: TokenBuild Behavior ::run [ RunTime:0.000452s ]
INFO: WriteHtmlCache Behavior ::run [ RunTime:0.000333s ]
INFO: ShowRuntime Behavior ::run [ RunTime:0.000523s ]
INFO: [ view_filter ] --END-- [ RunTime:0.002050s ]
INFO: [ view_end ] --START--
INFO: ShowPageTrace Behavior ::run [ RunTime:0.000556s ]
INFO: [ view_end ] --END-- [ RunTime:0.000656s ]

[ 2014-12-27T09:22:13+08:00 ] 127.0.0.1 /blog/index.php/Show
INFO: [ route_check ] --START--
INFO: CheckRoute Behavior ::run [ RunTime:0.000577s ]
INFO: [ route_check ] --END-- [ RunTime:0.000693s ]
INFO: [ app_begin ] --START--
INFO: ReadHtmlCache Behavior ::run [ RunTime:0.000480s ]
INFO: [ app_begin ] --END-- [ RunTime:0.000582s ]
INFO: [ view_parse ] --START--
SQL: SHOW COLUMNS FROM `hd_cate` [ RunTime:0.001567s ]
SQL: SELECT * FROM `hd_cate` ORDER BY sort  [ RunTime:0.000311s ]
INFO: ParseTemplate Behavior ::run [ RunTime:0.028151s ]
INFO: [ view_parse ] --END-- [ RunTime:0.028264s ]
INFO: [ view_filter ] --START--
INFO: ContentReplace Behavior ::run [ RunTime:0.000404s ]
INFO: TokenBuild Behavior ::run [ RunTime:0.000403s ]
INFO: WriteHtmlCache Behavior ::run [ RunTime:0.000282s ]
INFO: ShowRuntime Behavior ::run [ RunTime:0.000476s ]
INFO: [ view_filter ] --END-- [ RunTime:0.001845s ]
INFO: [ view_end ] --START--
INFO: ShowPageTrace Behavior ::run [ RunTime:0.000493s ]
INFO: [ view_end ] --END-- [ RunTime:0.000594s ]

[ 2014-12-27T09:24:52+08:00 ] 127.0.0.1 /blog/index.php/Show
INFO: [ route_check ] --START--
INFO: CheckRoute Behavior ::run [ RunTime:0.000686s ]
INFO: [ route_check ] --END-- [ RunTime:0.000807s ]
INFO: [ app_begin ] --START--
INFO: ReadHtmlCache Behavior ::run [ RunTime:0.000519s ]
INFO: [ app_begin ] --END-- [ RunTime:0.000626s ]
INFO: [ view_parse ] --START--
SQL: SHOW COLUMNS FROM `hd_cate` [ RunTime:0.001741s ]
SQL: SELECT * FROM `hd_cate` ORDER BY sort  [ RunTime:0.000419s ]
INFO: ParseTemplate Behavior ::run [ RunTime:0.029548s ]
INFO: [ view_parse ] --END-- [ RunTime:0.029665s ]
INFO: [ view_filter ] --START--
INFO: ContentReplace Behavior ::run [ RunTime:0.000459s ]
INFO: TokenBuild Behavior ::run [ RunTime:0.000452s ]
INFO: WriteHtmlCache Behavior ::run [ RunTime:0.000332s ]
INFO: ShowRuntime Behavior ::run [ RunTime:0.000520s ]
INFO: [ view_filter ] --END-- [ RunTime:0.002046s ]
INFO: [ view_end ] --START--
INFO: ShowPageTrace Behavior ::run [ RunTime:0.000565s ]
INFO: [ view_end ] --END-- [ RunTime:0.000677s ]

[ 2014-12-27T09:24:53+08:00 ] 127.0.0.1 /blog/index.php/Show
INFO: [ route_check ] --START--
INFO: CheckRoute Behavior ::run [ RunTime:0.000579s ]
INFO: [ route_check ] --END-- [ RunTime:0.000694s ]
INFO: [ app_begin ] --START--
INFO: ReadHtmlCache Behavior ::run [ RunTime:0.000584s ]
INFO: [ app_begin ] --END-- [ RunTime:0.000704s ]
INFO: [ view_parse ] --START--
SQL: SHOW COLUMNS FROM `hd_cate` [ RunTime:0.001567s ]
SQL: SELECT * FROM `hd_cate` ORDER BY sort  [ RunTime:0.000421s ]
INFO: ParseTemplate Behavior ::run [ RunTime:0.028411s ]
INFO: [ view_parse ] --END-- [ RunTime:0.028527s ]
INFO: [ view_filter ] --START--
INFO: ContentReplace Behavior ::run [ RunTime:0.000405s ]
INFO: TokenBuild Behavior ::run [ RunTime:0.000419s ]
INFO: WriteHtmlCache Behavior ::run [ RunTime:0.000283s ]
INFO: ShowRuntime Behavior ::run [ RunTime:0.000474s ]
INFO: [ view_filter ] --END-- [ RunTime:0.001862s ]
INFO: [ view_end ] --START--
INFO: ShowPageTrace Behavior ::run [ RunTime:0.000495s ]
INFO: [ view_end ] --END-- [ RunTime:0.000599s ]

[ 2014-12-27T09:25:13+08:00 ] 127.0.0.1 /blog/index.php/Show
INFO: [ route_check ] --START--
INFO: CheckRoute Behavior ::run [ RunTime:0.000570s ]
INFO: [ route_check ] --END-- [ RunTime:0.000689s ]
INFO: [ app_begin ] --START--
INFO: ReadHtmlCache Behavior ::run [ RunTime:0.000469s ]
INFO: [ app_begin ] --END-- [ RunTime:0.000572s ]
INFO: [ view_parse ] --START--
SQL: SHOW COLUMNS FROM `hd_cate` [ RunTime:0.001691s ]
SQL: SELECT * FROM `hd_cate` ORDER BY sort  [ RunTime:0.000409s ]
INFO: ParseTemplate Behavior ::run [ RunTime:0.028389s ]
INFO: [ view_parse ] --END-- [ RunTime:0.028505s ]
INFO: [ view_filter ] --START--
INFO: ContentReplace Behavior ::run [ RunTime:0.000406s ]
INFO: TokenBuild Behavior ::run [ RunTime:0.000403s ]
INFO: WriteHtmlCache Behavior ::run [ RunTime:0.000280s ]
INFO: ShowRuntime Behavior ::run [ RunTime:0.000474s ]
INFO: [ view_filter ] --END-- [ RunTime:0.001845s ]
INFO: [ view_end ] --START--
INFO: ShowPageTrace Behavior ::run [ RunTime:0.000493s ]
INFO: [ view_end ] --END-- [ RunTime:0.000593s ]

[ 2014-12-27T09:25:14+08:00 ] 127.0.0.1 /blog/index.php/Show
INFO: [ route_check ] --START--
INFO: CheckRoute Behavior ::run [ RunTime:0.000671s ]
INFO: [ route_check ] --END-- [ RunTime:0.000790s ]
INFO: [ app_begin ] --START--
INFO: ReadHtmlCache Behavior ::run [ RunTime:0.000535s ]
INFO: [ app_begin ] --END-- [ RunTime:0.000641s ]
INFO: [ view_parse ] --START--
SQL: SHOW COLUMNS FROM `hd_cate` [ RunTime:0.001587s ]
SQL: SELECT * FROM `hd_cate` ORDER BY sort  [ RunTime:0.000266s ]
INFO: ParseTemplate Behavior ::run [ RunTime:0.028779s ]
INFO: [ view_parse ] --END-- [ RunTime:0.028893s ]
INFO: [ view_filter ] --START--
INFO: ContentReplace Behavior ::run [ RunTime:0.000453s ]
INFO: TokenBuild Behavior ::run [ RunTime:0.000457s ]
INFO: WriteHtmlCache Behavior ::run [ RunTime:0.000332s ]
INFO: ShowRuntime Behavior ::run [ RunTime:0.000521s ]
INFO: [ view_filter ] --END-- [ RunTime:0.002042s ]
INFO: [ view_end ] --START--
INFO: ShowPageTrace Behavior ::run [ RunTime:0.000539s ]
INFO: [ view_end ] --END-- [ RunTime:0.000638s ]

[ 2014-12-27T09:25:15+08:00 ] 127.0.0.1 /blog/index.php/Show
INFO: [ route_check ] --START--
INFO: CheckRoute Behavior ::run [ RunTime:0.000685s ]
INFO: [ route_check ] --END-- [ RunTime:0.000807s ]
INFO: [ app_begin ] --START--
INFO: ReadHtmlCache Behavior ::run [ RunTime:0.000532s ]
INFO: [ app_begin ] --END-- [ RunTime:0.000640s ]
INFO: [ view_parse ] --START--
SQL: SHOW COLUMNS FROM `hd_cate` [ RunTime:0.001742s ]
SQL: SELECT * FROM `hd_cate` ORDER BY sort  [ RunTime:0.000328s ]
INFO: ParseTemplate Behavior ::run [ RunTime:0.019546s ]
INFO: [ view_parse ] --END-- [ RunTime:0.019660s ]
INFO: [ view_filter ] --START--
INFO: ContentReplace Behavior ::run [ RunTime:0.000467s ]
INFO: TokenBuild Behavior ::run [ RunTime:0.000474s ]
INFO: WriteHtmlCache Behavior ::run [ RunTime:0.000331s ]
INFO: ShowRuntime Behavior ::run [ RunTime:0.000523s ]
INFO: [ view_filter ] --END-- [ RunTime:0.002080s ]
INFO: [ view_end ] --START--
INFO: ShowPageTrace Behavior ::run [ RunTime:0.000542s ]
INFO: [ view_end ] --END-- [ RunTime:0.000641s ]

[ 2014-12-27T09:27:53+08:00 ] 127.0.0.1 /blog/index.php/Show
INFO: [ route_check ] --START--
INFO: CheckRoute Behavior ::run [ RunTime:0.000685s ]
INFO: [ route_check ] --END-- [ RunTime:0.000803s ]
INFO: [ app_begin ] --START--
INFO: ReadHtmlCache Behavior ::run [ RunTime:0.000524s ]
INFO: [ app_begin ] --END-- [ RunTime:0.000629s ]
INFO: [ view_parse ] --START--
SQL: SHOW COLUMNS FROM `hd_cate` [ RunTime:0.001615s ]
SQL: SELECT * FROM `hd_cate` ORDER BY sort  [ RunTime:0.000420s ]
INFO: ParseTemplate Behavior ::run [ RunTime:0.030372s ]
INFO: [ view_parse ] --END-- [ RunTime:0.030488s ]
INFO: [ view_filter ] --START--
INFO: ContentReplace Behavior ::run [ RunTime:0.000474s ]
INFO: TokenBuild Behavior ::run [ RunTime:0.000463s ]
INFO: WriteHtmlCache Behavior ::run [ RunTime:0.000338s ]
INFO: ShowRuntime Behavior ::run [ RunTime:0.000537s ]
INFO: [ view_filter ] --END-- [ RunTime:0.002093s ]
INFO: [ view_end ] --START--
INFO: ShowPageTrace Behavior ::run [ RunTime:0.000541s ]
INFO: [ view_end ] --END-- [ RunTime:0.000640s ]

[ 2014-12-27T09:27:53+08:00 ] 127.0.0.1 /blog/index.php/Show
INFO: [ route_check ] --START--
INFO: CheckRoute Behavior ::run [ RunTime:0.000580s ]
INFO: [ route_check ] --END-- [ RunTime:0.000696s ]
INFO: [ app_begin ] --START--
INFO: ReadHtmlCache Behavior ::run [ RunTime:0.000468s ]
INFO: [ app_begin ] --END-- [ RunTime:0.000571s ]
INFO: [ view_parse ] --START--
SQL: SHOW COLUMNS FROM `hd_cate` [ RunTime:0.001606s ]
SQL: SELECT * FROM `hd_cate` ORDER BY sort  [ RunTime:0.000403s ]
INFO: ParseTemplate Behavior ::run [ RunTime:0.028798s ]
INFO: [ view_parse ] --END-- [ RunTime:0.028912s ]
INFO: [ view_filter ] --START--
INFO: ContentReplace Behavior ::run [ RunTime:0.000409s ]
INFO: TokenBuild Behavior ::run [ RunTime:0.000407s ]
INFO: WriteHtmlCache Behavior ::run [ RunTime:0.000283s ]
INFO: ShowRuntime Behavior ::run [ RunTime:0.000476s ]
INFO: [ view_filter ] --END-- [ RunTime:0.001855s ]
INFO: [ view_end ] --START--
INFO: ShowPageTrace Behavior ::run [ RunTime:0.000492s ]
INFO: [ view_end ] --END-- [ RunTime:0.000591s ]

[ 2014-12-27T09:28:16+08:00 ] 127.0.0.1 /blog/index.php/Show
INFO: [ route_check ] --START--
INFO: CheckRoute Behavior ::run [ RunTime:0.000627s ]
INFO: [ route_check ] --END-- [ RunTime:0.000746s ]
INFO: [ app_begin ] --START--
INFO: ReadHtmlCache Behavior ::run [ RunTime:0.000468s ]
INFO: [ app_begin ] --END-- [ RunTime:0.000571s ]
INFO: [ view_parse ] --START--
SQL: SHOW COLUMNS FROM `hd_cate` [ RunTime:0.001890s ]
SQL: SELECT * FROM `hd_cate` ORDER BY sort  [ RunTime:0.000333s ]
INFO: ParseTemplate Behavior ::run [ RunTime:0.018448s ]
INFO: [ view_parse ] --END-- [ RunTime:0.018562s ]
INFO: [ view_filter ] --START--
INFO: ContentReplace Behavior ::run [ RunTime:0.000414s ]
INFO: TokenBuild Behavior ::run [ RunTime:0.000404s ]
INFO: WriteHtmlCache Behavior ::run [ RunTime:0.000284s ]
INFO: ShowRuntime Behavior ::run [ RunTime:0.000479s ]
INFO: [ view_filter ] --END-- [ RunTime:0.001861s ]
INFO: [ view_end ] --START--
INFO: ShowPageTrace Behavior ::run [ RunTime:0.000494s ]
INFO: [ view_end ] --END-- [ RunTime:0.000599s ]

[ 2014-12-27T09:29:30+08:00 ] 127.0.0.1 /blog/index.php/index
INFO: [ route_check ] --START--
INFO: CheckRoute Behavior ::run [ RunTime:0.000672s ]
INFO: [ route_check ] --END-- [ RunTime:0.000801s ]
INFO: [ app_begin ] --START--
INFO: ReadHtmlCache Behavior ::run [ RunTime:0.000514s ]
INFO: [ app_begin ] --END-- [ RunTime:0.000628s ]
INFO: [ view_parse ] --START--
NOTIC: [2] file_get_contents(./APP/Modules/index/Tpl/Commond/bootom.html) [<a href='function.file-get-contents'>function.file-get-contents</a>]: failed to open stream: No such file or directory D:\wamp\www\blog\ThinkPHP\Lib\Template\ThinkTemplate.class.php 第 695 行.
SQL: SHOW COLUMNS FROM `hd_cate` [ RunTime:0.002839s ]
SQL: SELECT * FROM `hd_cate` ORDER BY sort  [ RunTime:0.000528s ]
INFO: ParseTemplate Behavior ::run [ RunTime:0.035302s ]
INFO: [ view_parse ] --END-- [ RunTime:0.035585s ]
INFO: [ view_filter ] --START--
INFO: ContentReplace Behavior ::run [ RunTime:0.001224s ]
INFO: TokenBuild Behavior ::run [ RunTime:0.000534s ]
INFO: WriteHtmlCache Behavior ::run [ RunTime:0.000282s ]
INFO: ShowRuntime Behavior ::run [ RunTime:0.000478s ]
INFO: [ view_filter ] --END-- [ RunTime:0.002943s ]
INFO: [ view_end ] --START--
INFO: ShowPageTrace Behavior ::run [ RunTime:0.000486s ]
INFO: [ view_end ] --END-- [ RunTime:0.000584s ]

[ 2014-12-27T09:29:37+08:00 ] 127.0.0.1 /blog/index.php/index
INFO: [ route_check ] --START--
INFO: CheckRoute Behavior ::run [ RunTime:0.000573s ]
INFO: [ route_check ] --END-- [ RunTime:0.000692s ]
INFO: [ app_begin ] --START--
INFO: ReadHtmlCache Behavior ::run [ RunTime:0.000488s ]
INFO: [ app_begin ] --END-- [ RunTime:0.000591s ]
INFO: [ view_parse ] --START--
NOTIC: [2] file_get_contents(./APP/Modules/index/Tpl/Commond/bootom.html) [<a href='function.file-get-contents'>function.file-get-contents</a>]: failed to open stream: No such file or directory D:\wamp\www\blog\ThinkPHP\Lib\Template\ThinkTemplate.class.php 第 695 行.
SQL: SHOW COLUMNS FROM `hd_cate` [ RunTime:0.002323s ]
SQL: SELECT * FROM `hd_cate` ORDER BY sort  [ RunTime:0.000460s ]
INFO: ParseTemplate Behavior ::run [ RunTime:0.031730s ]
INFO: [ view_parse ] --END-- [ RunTime:0.031976s ]
INFO: [ view_filter ] --START--
INFO: ContentReplace Behavior ::run [ RunTime:0.000695s ]
INFO: TokenBuild Behavior ::run [ RunTime:0.001011s ]
INFO: WriteHtmlCache Behavior ::run [ RunTime:0.001073s ]
INFO: ShowRuntime Behavior ::run [ RunTime:0.001209s ]
INFO: [ view_filter ] --END-- [ RunTime:0.004583s ]
INFO: [ view_end ] --START--
INFO: ShowPageTrace Behavior ::run [ RunTime:0.000934s ]
INFO: [ view_end ] --END-- [ RunTime:0.001077s ]

[ 2014-12-27T09:30:43+08:00 ] 127.0.0.1 /blog/index.php/index
INFO: [ route_check ] --START--
INFO: CheckRoute Behavior ::run [ RunTime:0.000678s ]
INFO: [ route_check ] --END-- [ RunTime:0.000801s ]
INFO: [ app_begin ] --START--
INFO: ReadHtmlCache Behavior ::run [ RunTime:0.000509s ]
INFO: [ app_begin ] --END-- [ RunTime:0.000613s ]
INFO: [ view_parse ] --START--
NOTIC: [2] file_get_contents(./APP/Modules/index/Tpl/Commond/bootom.html) [<a href='function.file-get-contents'>function.file-get-contents</a>]: failed to open stream: No such file or directory D:\wamp\www\blog\ThinkPHP\Lib\Template\ThinkTemplate.class.php 第 695 行.
SQL: SHOW COLUMNS FROM `hd_cate` [ RunTime:0.001686s ]
SQL: SELECT * FROM `hd_cate` ORDER BY sort  [ RunTime:0.000318s ]
INFO: ParseTemplate Behavior ::run [ RunTime:0.031824s ]
INFO: [ view_parse ] --END-- [ RunTime:0.031950s ]
INFO: [ view_filter ] --START--
INFO: ContentReplace Behavior ::run [ RunTime:0.000462s ]
INFO: TokenBuild Behavior ::run [ RunTime:0.000439s ]
INFO: WriteHtmlCache Behavior ::run [ RunTime:0.000324s ]
INFO: ShowRuntime Behavior ::run [ RunTime:0.000517s ]
INFO: [ view_filter ] --END-- [ RunTime:0.002015s ]
INFO: [ view_end ] --START--
INFO: ShowPageTrace Behavior ::run [ RunTime:0.000533s ]
INFO: [ view_end ] --END-- [ RunTime:0.000632s ]

[ 2014-12-27T09:30:44+08:00 ] 127.0.0.1 /blog/index.php/index
INFO: [ route_check ] --START--
INFO: CheckRoute Behavior ::run [ RunTime:0.000790s ]
INFO: [ route_check ] --END-- [ RunTime:0.000937s ]
INFO: [ app_begin ] --START--
INFO: ReadHtmlCache Behavior ::run [ RunTime:0.000526s ]
INFO: [ app_begin ] --END-- [ RunTime:0.000631s ]
INFO: [ view_parse ] --START--
NOTIC: [2] file_get_contents(./APP/Modules/index/Tpl/Commond/bootom.html) [<a href='function.file-get-contents'>function.file-get-contents</a>]: failed to open stream: No such file or directory D:\wamp\www\blog\ThinkPHP\Lib\Template\ThinkTemplate.class.php 第 695 行.
SQL: SHOW COLUMNS FROM `hd_cate` [ RunTime:0.002030s ]
SQL: SELECT * FROM `hd_cate` ORDER BY sort  [ RunTime:0.000330s ]
INFO: ParseTemplate Behavior ::run [ RunTime:0.037533s ]
INFO: [ view_parse ] --END-- [ RunTime:0.037648s ]
INFO: [ view_filter ] --START--
INFO: ContentReplace Behavior ::run [ RunTime:0.000480s ]
INFO: TokenBuild Behavior ::run [ RunTime:0.000444s ]
INFO: WriteHtmlCache Behavior ::run [ RunTime:0.000326s ]
INFO: ShowRuntime Behavior ::run [ RunTime:0.000518s ]
INFO: [ view_filter ] --END-- [ RunTime:0.002045s ]
INFO: [ view_end ] --START--
INFO: ShowPageTrace Behavior ::run [ RunTime:0.000589s ]
INFO: [ view_end ] --END-- [ RunTime:0.000695s ]

[ 2014-12-27T09:32:46+08:00 ] 127.0.0.1 /blog/index.php/index
INFO: [ route_check ] --START--
INFO: CheckRoute Behavior ::run [ RunTime:0.000671s ]
INFO: [ route_check ] --END-- [ RunTime:0.000785s ]
INFO: [ app_begin ] --START--
INFO: ReadHtmlCache Behavior ::run [ RunTime:0.000517s ]
INFO: [ app_begin ] --END-- [ RunTime:0.000621s ]
INFO: [ view_parse ] --START--
NOTIC: [2] file_get_contents(./APP/Modules/index/Tpl/Commond/bootom.html) [<a href='function.file-get-contents'>function.file-get-contents</a>]: failed to open stream: No such file or directory D:\wamp\www\blog\ThinkPHP\Lib\Template\ThinkTemplate.class.php 第 695 行.
SQL: SHOW COLUMNS FROM `hd_cate` [ RunTime:0.001723s ]
SQL: SELECT * FROM `hd_cate` ORDER BY sort  [ RunTime:0.000412s ]
INFO: ParseTemplate Behavior ::run [ RunTime:0.031488s ]
INFO: [ view_parse ] --END-- [ RunTime:0.031603s ]
INFO: [ view_filter ] --START--
INFO: ContentReplace Behavior ::run [ RunTime:0.000487s ]
INFO: TokenBuild Behavior ::run [ RunTime:0.000456s ]
INFO: WriteHtmlCache Behavior ::run [ RunTime:0.000347s ]
INFO: ShowRuntime Behavior ::run [ RunTime:0.000533s ]
INFO: [ view_filter ] --END-- [ RunTime:0.002105s ]
INFO: [ view_end ] --START--
INFO: ShowPageTrace Behavior ::run [ RunTime:0.000543s ]
INFO: [ view_end ] --END-- [ RunTime:0.000647s ]

[ 2014-12-27T09:33:20+08:00 ] 127.0.0.1 /blog/index.php/index
INFO: [ route_check ] --START--
INFO: CheckRoute Behavior ::run [ RunTime:0.000566s ]
INFO: [ route_check ] --END-- [ RunTime:0.000685s ]
INFO: [ app_begin ] --START--
INFO: ReadHtmlCache Behavior ::run [ RunTime:0.000471s ]
INFO: [ app_begin ] --END-- [ RunTime:0.000573s ]
INFO: [ view_parse ] --START--
NOTIC: [2] file_get_contents(./APP/Modules/index/Tpl/Commond/bootom.html) [<a href='function.file-get-contents'>function.file-get-contents</a>]: failed to open stream: No such file or directory D:\wamp\www\blog\ThinkPHP\Lib\Template\ThinkTemplate.class.php 第 695 行.
SQL: SHOW COLUMNS FROM `hd_cate` [ RunTime:0.001608s ]
SQL: SELECT * FROM `hd_cate` ORDER BY sort  [ RunTime:0.000406s ]
INFO: ParseTemplate Behavior ::run [ RunTime:0.030526s ]
INFO: [ view_parse ] --END-- [ RunTime:0.030639s ]
INFO: [ view_filter ] --START--
INFO: ContentReplace Behavior ::run [ RunTime:0.000420s ]
INFO: TokenBuild Behavior ::run [ RunTime:0.000427s ]
INFO: WriteHtmlCache Behavior ::run [ RunTime:0.000285s ]
INFO: ShowRuntime Behavior ::run [ RunTime:0.000482s ]
INFO: [ view_filter ] --END-- [ RunTime:0.001893s ]
INFO: [ view_end ] --START--
INFO: ShowPageTrace Behavior ::run [ RunTime:0.000491s ]
INFO: [ view_end ] --END-- [ RunTime:0.000589s ]

[ 2014-12-27T09:33:21+08:00 ] 127.0.0.1 /blog/index.php/index
INFO: [ route_check ] --START--
INFO: CheckRoute Behavior ::run [ RunTime:0.000679s ]
INFO: [ route_check ] --END-- [ RunTime:0.000802s ]
INFO: [ app_begin ] --START--
INFO: ReadHtmlCache Behavior ::run [ RunTime:0.000515s ]
INFO: [ app_begin ] --END-- [ RunTime:0.000626s ]
INFO: [ view_parse ] --START--
NOTIC: [2] file_get_contents(./APP/Modules/index/Tpl/Commond/bootom.html) [<a href='function.file-get-contents'>function.file-get-contents</a>]: failed to open stream: No such file or directory D:\wamp\www\blog\ThinkPHP\Lib\Template\ThinkTemplate.class.php 第 695 行.
SQL: SHOW COLUMNS FROM `hd_cate` [ RunTime:0.001571s ]
SQL: SELECT * FROM `hd_cate` ORDER BY sort  [ RunTime:0.000398s ]
INFO: ParseTemplate Behavior ::run [ RunTime:0.031546s ]
INFO: [ view_parse ] --END-- [ RunTime:0.031657s ]
INFO: [ view_filter ] --START--
INFO: ContentReplace Behavior ::run [ RunTime:0.000460s ]
INFO: TokenBuild Behavior ::run [ RunTime:0.000490s ]
INFO: WriteHtmlCache Behavior ::run [ RunTime:0.000410s ]
INFO: ShowRuntime Behavior ::run [ RunTime:0.000548s ]
INFO: [ view_filter ] --END-- [ RunTime:0.002207s ]
INFO: [ view_end ] --START--
INFO: ShowPageTrace Behavior ::run [ RunTime:0.000538s ]
INFO: [ view_end ] --END-- [ RunTime:0.000637s ]

[ 2014-12-27T09:34:39+08:00 ] 127.0.0.1 /blog/index.php/index
INFO: [ route_check ] --START--
INFO: CheckRoute Behavior ::run [ RunTime:0.000669s ]
INFO: [ route_check ] --END-- [ RunTime:0.000786s ]
INFO: [ app_begin ] --START--
INFO: ReadHtmlCache Behavior ::run [ RunTime:0.000768s ]
INFO: [ app_begin ] --END-- [ RunTime:0.000918s ]
INFO: [ view_parse ] --START--
NOTIC: [2] file_get_contents(./APP/Modules/index/Tpl/Commond/bootom.html) [<a href='function.file-get-contents'>function.file-get-contents</a>]: failed to open stream: No such file or directory D:\wamp\www\blog\ThinkPHP\Lib\Template\ThinkTemplate.class.php 第 695 行.

[ 2014-12-27T09:34:39+08:00 ] 127.0.0.1 /blog/index.php/__PUBLIC__/Css/common.css
INFO: [ route_check ] --START--
INFO: CheckRoute Behavior ::run [ RunTime:0.001056s ]
INFO: [ route_check ] --END-- [ RunTime:0.001240s ]
INFO: [ app_begin ] --START--
INFO: ReadHtmlCache Behavior ::run [ RunTime:0.000612s ]
INFO: [ app_begin ] --END-- [ RunTime:0.000749s ]
NOTIC: [8] Undefined variable: group D:\wamp\www\blog\ThinkPHP\Lib\Core\App.class.php 第 95 行.
ERR: 无法加载模块:__PUBLIC__

[ 2014-12-27T09:34:39+08:00 ] 127.0.0.1 /blog/index.php/__PUBLIC__/Css/index.css
INFO: [ route_check ] --START--
INFO: CheckRoute Behavior ::run [ RunTime:0.000966s ]
INFO: [ route_check ] --END-- [ RunTime:0.001136s ]
INFO: [ app_begin ] --START--
INFO: ReadHtmlCache Behavior ::run [ RunTime:0.000718s ]
INFO: [ app_begin ] --END-- [ RunTime:0.000870s ]
NOTIC: [8] Undefined variable: group D:\wamp\www\blog\ThinkPHP\Lib\Core\App.class.php 第 95 行.
ERR: 无法加载模块:__PUBLIC__

[ 2014-12-27T09:34:39+08:00 ] 127.0.0.1 /blog/index.php/__PUBLIC__/Js/jquery-1.7.2.min.js
INFO: [ route_check ] --START--
INFO: CheckRoute Behavior ::run [ RunTime:0.001002s ]
INFO: [ route_check ] --END-- [ RunTime:0.001167s ]
INFO: [ app_begin ] --START--
INFO: ReadHtmlCache Behavior ::run [ RunTime:0.001225s ]
INFO: [ app_begin ] --END-- [ RunTime:0.001381s ]
NOTIC: [8] Undefined variable: group D:\wamp\www\blog\ThinkPHP\Lib\Core\App.class.php 第 95 行.
ERR: 无法加载模块:__PUBLIC__

[ 2014-12-27T09:34:39+08:00 ] 127.0.0.1 /blog/index.php/__PUBLIC__/Js/common.js
INFO: [ route_check ] --START--
INFO: CheckRoute Behavior ::run [ RunTime:0.000991s ]
INFO: [ route_check ] --END-- [ RunTime:0.001162s ]
INFO: [ app_begin ] --START--
INFO: ReadHtmlCache Behavior ::run [ RunTime:0.002289s ]
INFO: [ app_begin ] --END-- [ RunTime:0.002474s ]
NOTIC: [8] Undefined variable: group D:\wamp\www\blog\ThinkPHP\Lib\Core\App.class.php 第 95 行.
ERR: 无法加载模块:__PUBLIC__

[ 2014-12-27T09:35:12+08:00 ] 127.0.0.1 /blog/index.php/index
INFO: [ route_check ] --START--
INFO: CheckRoute Behavior ::run [ RunTime:0.000568s ]
INFO: [ route_check ] --END-- [ RunTime:0.000690s ]
INFO: [ app_begin ] --START--
INFO: ReadHtmlCache Behavior ::run [ RunTime:0.000662s ]
INFO: [ app_begin ] --END-- [ RunTime:0.000797s ]
INFO: [ view_parse ] --START--
NOTIC: [2] file_get_contents(./APP/Modules/index/Tpl/Commond/bootom.html) [<a href='function.file-get-contents'>function.file-get-contents</a>]: failed to open stream: No such file or directory D:\wamp\www\blog\ThinkPHP\Lib\Template\ThinkTemplate.class.php 第 695 行.

[ 2014-12-27T09:35:12+08:00 ] 127.0.0.1 /blog/index.php/__PUBLIC__/Css/common.css
INFO: [ route_check ] --START--
INFO: CheckRoute Behavior ::run [ RunTime:0.001108s ]
INFO: [ route_check ] --END-- [ RunTime:0.001287s ]
INFO: [ app_begin ] --START--
INFO: ReadHtmlCache Behavior ::run [ RunTime:0.001287s ]
INFO: [ app_begin ] --END-- [ RunTime:0.001438s ]
NOTIC: [8] Undefined variable: group D:\wamp\www\blog\ThinkPHP\Lib\Core\App.class.php 第 95 行.
ERR: 无法加载模块:__PUBLIC__

[ 2014-12-27T09:35:12+08:00 ] 127.0.0.1 /blog/index.php/__PUBLIC__/Js/jquery-1.7.2.min.js
INFO: [ route_check ] --START--
INFO: CheckRoute Behavior ::run [ RunTime:0.001116s ]
INFO: [ route_check ] --END-- [ RunTime:0.001322s ]
INFO: [ app_begin ] --START--
INFO: ReadHtmlCache Behavior ::run [ RunTime:0.001091s ]
INFO: [ app_begin ] --END-- [ RunTime:0.001238s ]
NOTIC: [8] Undefined variable: group D:\wamp\www\blog\ThinkPHP\Lib\Core\App.class.php 第 95 行.
ERR: 无法加载模块:__PUBLIC__

[ 2014-12-27T09:35:12+08:00 ] 127.0.0.1 /blog/index.php/__PUBLIC__/Js/common.js
INFO: [ route_check ] --START--
INFO: CheckRoute Behavior ::run [ RunTime:0.001187s ]
INFO: [ route_check ] --END-- [ RunTime:0.001369s ]
INFO: [ app_begin ] --START--
INFO: ReadHtmlCache Behavior ::run [ RunTime:0.001670s ]
INFO: [ app_begin ] --END-- [ RunTime:0.001831s ]
NOTIC: [8] Undefined variable: group D:\wamp\www\blog\ThinkPHP\Lib\Core\App.class.php 第 95 行.
ERR: 无法加载模块:__PUBLIC__

[ 2014-12-27T09:35:12+08:00 ] 127.0.0.1 /blog/index.php/__PUBLIC__/Css/index.css
INFO: [ route_check ] --START--
INFO: CheckRoute Behavior ::run [ RunTime:0.001172s ]
INFO: [ route_check ] --END-- [ RunTime:0.001360s ]
INFO: [ app_begin ] --START--
INFO: ReadHtmlCache Behavior ::run [ RunTime:0.000928s ]
INFO: [ app_begin ] --END-- [ RunTime:0.001108s ]
NOTIC: [8] Undefined variable: group D:\wamp\www\blog\ThinkPHP\Lib\Core\App.class.php 第 95 行.
ERR: 无法加载模块:__PUBLIC__

[ 2014-12-27T09:35:14+08:00 ] 127.0.0.1 /blog/index.php/index
INFO: [ route_check ] --START--
INFO: CheckRoute Behavior ::run [ RunTime:0.000574s ]
INFO: [ route_check ] --END-- [ RunTime:0.000691s ]
INFO: [ app_begin ] --START--
INFO: ReadHtmlCache Behavior ::run [ RunTime:0.000464s ]
INFO: [ app_begin ] --END-- [ RunTime:0.000567s ]
INFO: [ view_parse ] --START--
NOTIC: [2] file_get_contents(./APP/Modules/index/Tpl/Commond/bootom.html) [<a href='function.file-get-contents'>function.file-get-contents</a>]: failed to open stream: No such file or directory D:\wamp\www\blog\ThinkPHP\Lib\Template\ThinkTemplate.class.php 第 695 行.

[ 2014-12-27T09:35:14+08:00 ] 127.0.0.1 /blog/index.php/__PUBLIC__/Css/common.css
INFO: [ route_check ] --START--
INFO: CheckRoute Behavior ::run [ RunTime:0.001504s ]
INFO: [ route_check ] --END-- [ RunTime:0.001691s ]
INFO: [ app_begin ] --START--
INFO: ReadHtmlCache Behavior ::run [ RunTime:0.001660s ]
INFO: [ app_begin ] --END-- [ RunTime:0.001834s ]
NOTIC: [8] Undefined variable: group D:\wamp\www\blog\ThinkPHP\Lib\Core\App.class.php 第 95 行.
ERR: 无法加载模块:__PUBLIC__

[ 2014-12-27T09:35:14+08:00 ] 127.0.0.1 /blog/index.php/__PUBLIC__/Js/common.js
INFO: [ route_check ] --START--
INFO: CheckRoute Behavior ::run [ RunTime:0.000978s ]
INFO: [ route_check ] --END-- [ RunTime:0.001141s ]
INFO: [ app_begin ] --START--
INFO: ReadHtmlCache Behavior ::run [ RunTime:0.001118s ]
INFO: [ app_begin ] --END-- [ RunTime:0.001304s ]
NOTIC: [8] Undefined variable: group D:\wamp\www\blog\ThinkPHP\Lib\Core\App.class.php 第 95 行.
ERR: 无法加载模块:__PUBLIC__

[ 2014-12-27T09:35:14+08:00 ] 127.0.0.1 /blog/index.php/__PUBLIC__/Js/jquery-1.7.2.min.js
INFO: [ route_check ] --START--
INFO: CheckRoute Behavior ::run [ RunTime:0.001306s ]
INFO: [ route_check ] --END-- [ RunTime:0.001496s ]
INFO: [ app_begin ] --START--
INFO: ReadHtmlCache Behavior ::run [ RunTime:0.000979s ]
INFO: [ app_begin ] --END-- [ RunTime:0.001157s ]
NOTIC: [8] Undefined variable: group D:\wamp\www\blog\ThinkPHP\Lib\Core\App.class.php 第 95 行.
ERR: 无法加载模块:__PUBLIC__

[ 2014-12-27T09:35:14+08:00 ] 127.0.0.1 /blog/index.php/__PUBLIC__/Css/index.css
INFO: [ route_check ] --START--
INFO: CheckRoute Behavior ::run [ RunTime:0.001235s ]
INFO: [ route_check ] --END-- [ RunTime:0.001471s ]
INFO: [ app_begin ] --START--
INFO: ReadHtmlCache Behavior ::run [ RunTime:0.000611s ]
INFO: [ app_begin ] --END-- [ RunTime:0.000751s ]
NOTIC: [8] Undefined variable: group D:\wamp\www\blog\ThinkPHP\Lib\Core\App.class.php 第 95 行.
ERR: 无法加载模块:__PUBLIC__

[ 2014-12-27T09:35:29+08:00 ] 127.0.0.1 /blog/index.php/index
INFO: [ route_check ] --START--
INFO: CheckRoute Behavior ::run [ RunTime:0.000588s ]
INFO: [ route_check ] --END-- [ RunTime:0.000707s ]
INFO: [ app_begin ] --START--
INFO: ReadHtmlCache Behavior ::run [ RunTime:0.000469s ]
INFO: [ app_begin ] --END-- [ RunTime:0.000576s ]
INFO: [ view_parse ] --START--
NOTIC: [2] file_get_contents(./APP/Modules/index/Tpl/Commond/bootom.html) [<a href='function.file-get-contents'>function.file-get-contents</a>]: failed to open stream: No such file or directory D:\wamp\www\blog\ThinkPHP\Lib\Template\ThinkTemplate.class.php 第 695 行.

[ 2014-12-27T09:35:30+08:00 ] 127.0.0.1 /blog/index.php/__PUBLIC__/Css/common.css
INFO: [ route_check ] --START--
INFO: CheckRoute Behavior ::run [ RunTime:0.001335s ]
INFO: [ route_check ] --END-- [ RunTime:0.001536s ]
INFO: [ app_begin ] --START--
INFO: ReadHtmlCache Behavior ::run [ RunTime:0.001102s ]
INFO: [ app_begin ] --END-- [ RunTime:0.001293s ]
NOTIC: [8] Undefined variable: group D:\wamp\www\blog\ThinkPHP\Lib\Core\App.class.php 第 95 行.
ERR: 无法加载模块:__PUBLIC__

[ 2014-12-27T09:35:30+08:00 ] 127.0.0.1 /blog/index.php/__PUBLIC__/Js/jquery-1.7.2.min.js
INFO: [ route_check ] --START--
INFO: CheckRoute Behavior ::run [ RunTime:0.001833s ]
INFO: [ route_check ] --END-- [ RunTime:0.002004s ]
INFO: [ app_begin ] --START--
INFO: ReadHtmlCache Behavior ::run [ RunTime:0.001276s ]
INFO: [ app_begin ] --END-- [ RunTime:0.001437s ]
NOTIC: [8] Undefined variable: group D:\wamp\www\blog\ThinkPHP\Lib\Core\App.class.php 第 95 行.
ERR: 无法加载模块:__PUBLIC__

[ 2014-12-27T09:35:30+08:00 ] 127.0.0.1 /blog/index.php/__PUBLIC__/Js/common.js
INFO: [ route_check ] --START--
INFO: CheckRoute Behavior ::run [ RunTime:0.001964s ]
INFO: [ route_check ] --END-- [ RunTime:0.002135s ]
INFO: [ app_begin ] --START--
INFO: ReadHtmlCache Behavior ::run [ RunTime:0.001182s ]
INFO: [ app_begin ] --END-- [ RunTime:0.001348s ]
NOTIC: [8] Undefined variable: group D:\wamp\www\blog\ThinkPHP\Lib\Core\App.class.php 第 95 行.
ERR: 无法加载模块:__PUBLIC__

[ 2014-12-27T09:35:30+08:00 ] 127.0.0.1 /blog/index.php/__PUBLIC__/Css/index.css
INFO: [ route_check ] --START--
INFO: CheckRoute Behavior ::run [ RunTime:0.001425s ]
INFO: [ route_check ] --END-- [ RunTime:0.001674s ]
INFO: [ app_begin ] --START--
INFO: ReadHtmlCache Behavior ::run [ RunTime:0.001073s ]
INFO: [ app_begin ] --END-- [ RunTime:0.001260s ]
NOTIC: [8] Undefined variable: group D:\wamp\www\blog\ThinkPHP\Lib\Core\App.class.php 第 95 行.
ERR: 无法加载模块:__PUBLIC__

[ 2014-12-27T09:35:30+08:00 ] 127.0.0.1 /blog/index.php/index
INFO: [ route_check ] --START--
INFO: CheckRoute Behavior ::run [ RunTime:0.000578s ]
INFO: [ route_check ] --END-- [ RunTime:0.000698s ]
INFO: [ app_begin ] --START--
INFO: ReadHtmlCache Behavior ::run [ RunTime:0.000513s ]
INFO: [ app_begin ] --END-- [ RunTime:0.000633s ]
INFO: [ view_parse ] --START--
NOTIC: [2] file_get_contents(./APP/Modules/index/Tpl/Commond/bootom.html) [<a href='function.file-get-contents'>function.file-get-contents</a>]: failed to open stream: No such file or directory D:\wamp\www\blog\ThinkPHP\Lib\Template\ThinkTemplate.class.php 第 695 行.

[ 2014-12-27T09:35:30+08:00 ] 127.0.0.1 /blog/index.php/__PUBLIC__/Css/common.css
INFO: [ route_check ] --START--
INFO: CheckRoute Behavior ::run [ RunTime:0.001160s ]
INFO: [ route_check ] --END-- [ RunTime:0.001368s ]
INFO: [ app_begin ] --START--
INFO: ReadHtmlCache Behavior ::run [ RunTime:0.001060s ]
INFO: [ app_begin ] --END-- [ RunTime:0.001218s ]
NOTIC: [8] Undefined variable: group D:\wamp\www\blog\ThinkPHP\Lib\Core\App.class.php 第 95 行.
ERR: 无法加载模块:__PUBLIC__

[ 2014-12-27T09:35:30+08:00 ] 127.0.0.1 /blog/index.php/__PUBLIC__/Js/common.js
INFO: [ route_check ] --START--
INFO: CheckRoute Behavior ::run [ RunTime:0.000976s ]
INFO: [ route_check ] --END-- [ RunTime:0.001145s ]
INFO: [ app_begin ] --START--
INFO: ReadHtmlCache Behavior ::run [ RunTime:0.000817s ]
INFO: [ app_begin ] --END-- [ RunTime:0.001173s ]
NOTIC: [8] Undefined variable: group D:\wamp\www\blog\ThinkPHP\Lib\Core\App.class.php 第 95 行.
ERR: 无法加载模块:__PUBLIC__

[ 2014-12-27T09:35:30+08:00 ] 127.0.0.1 /blog/index.php/__PUBLIC__/Js/jquery-1.7.2.min.js
INFO: [ route_check ] --START--
INFO: CheckRoute Behavior ::run [ RunTime:0.000847s ]
INFO: [ route_check ] --END-- [ RunTime:0.001013s ]
INFO: [ app_begin ] --START--
INFO: ReadHtmlCache Behavior ::run [ RunTime:0.000998s ]
INFO: [ app_begin ] --END-- [ RunTime:0.001163s ]
NOTIC: [8] Undefined variable: group D:\wamp\www\blog\ThinkPHP\Lib\Core\App.class.php 第 95 行.
ERR: 无法加载模块:__PUBLIC__

[ 2014-12-27T09:35:30+08:00 ] 127.0.0.1 /blog/index.php/__PUBLIC__/Css/index.css
INFO: [ route_check ] --START--
INFO: CheckRoute Behavior ::run [ RunTime:0.000944s ]
INFO: [ route_check ] --END-- [ RunTime:0.001134s ]
INFO: [ app_begin ] --START--
INFO: ReadHtmlCache Behavior ::run [ RunTime:0.000552s ]
INFO: [ app_begin ] --END-- [ RunTime:0.000679s ]
NOTIC: [8] Undefined variable: group D:\wamp\www\blog\ThinkPHP\Lib\Core\App.class.php 第 95 行.
ERR: 无法加载模块:__PUBLIC__

[ 2014-12-27T09:35:44+08:00 ] 127.0.0.1 /blog/index.php/index
INFO: [ route_check ] --START--
INFO: CheckRoute Behavior ::run [ RunTime:0.000660s ]
INFO: [ route_check ] --END-- [ RunTime:0.000787s ]
INFO: [ app_begin ] --START--
INFO: ReadHtmlCache Behavior ::run [ RunTime:0.000469s ]
INFO: [ app_begin ] --END-- [ RunTime:0.000574s ]
INFO: [ view_parse ] --START--
NOTIC: [2] file_get_contents(./APP/Modules/index/Tpl/Commond/bootom.html) [<a href='function.file-get-contents'>function.file-get-contents</a>]: failed to open stream: No such file or directory D:\wamp\www\blog\ThinkPHP\Lib\Template\ThinkTemplate.class.php 第 695 行.
SQL: SHOW COLUMNS FROM `hd_cate` [ RunTime:0.001677s ]
SQL: SELECT * FROM `hd_cate` ORDER BY sort  [ RunTime:0.000403s ]
INFO: ParseTemplate Behavior ::run [ RunTime:0.031155s ]
INFO: [ view_parse ] --END-- [ RunTime:0.031265s ]
INFO: [ view_filter ] --START--
INFO: ContentReplace Behavior ::run [ RunTime:0.000473s ]
INFO: TokenBuild Behavior ::run [ RunTime:0.000456s ]
INFO: WriteHtmlCache Behavior ::run [ RunTime:0.000326s ]
INFO: ShowRuntime Behavior ::run [ RunTime:0.000523s ]
INFO: [ view_filter ] --END-- [ RunTime:0.002054s ]
INFO: [ view_end ] --START--
INFO: ShowPageTrace Behavior ::run [ RunTime:0.000536s ]
INFO: [ view_end ] --END-- [ RunTime:0.000635s ]

[ 2014-12-27T09:36:36+08:00 ] 127.0.0.1 /blog/index.php/index
INFO: [ route_check ] --START--
INFO: CheckRoute Behavior ::run [ RunTime:0.000678s ]
INFO: [ route_check ] --END-- [ RunTime:0.000797s ]
INFO: [ app_begin ] --START--
INFO: ReadHtmlCache Behavior ::run [ RunTime:0.000516s ]
INFO: [ app_begin ] --END-- [ RunTime:0.000626s ]
INFO: [ view_parse ] --START--
NOTIC: [2] file_get_contents(./APP/Modules/index/Tpl/Commond/bootom.html) [<a href='function.file-get-contents'>function.file-get-contents</a>]: failed to open stream: No such file or directory D:\wamp\www\blog\ThinkPHP\Lib\Template\ThinkTemplate.class.php 第 695 行.

[ 2014-12-27T09:36:36+08:00 ] 127.0.0.1 /blog/index.php/__PUBLIC__/Css/common.css
INFO: [ route_check ] --START--
INFO: CheckRoute Behavior ::run [ RunTime:0.001249s ]
INFO: [ route_check ] --END-- [ RunTime:0.001448s ]
INFO: [ app_begin ] --START--
INFO: ReadHtmlCache Behavior ::run [ RunTime:0.000967s ]
INFO: [ app_begin ] --END-- [ RunTime:0.001118s ]
NOTIC: [8] Undefined variable: group D:\wamp\www\blog\ThinkPHP\Lib\Core\App.class.php 第 95 行.
ERR: 无法加载模块:__PUBLIC__

[ 2014-12-27T09:36:36+08:00 ] 127.0.0.1 /blog/index.php/__PUBLIC__/Js/common.js
INFO: [ route_check ] --START--
INFO: CheckRoute Behavior ::run [ RunTime:0.001078s ]
INFO: [ route_check ] --END-- [ RunTime:0.001241s ]
INFO: [ app_begin ] --START--
INFO: ReadHtmlCache Behavior ::run [ RunTime:0.001202s ]
INFO: [ app_begin ] --END-- [ RunTime:0.001387s ]
NOTIC: [8] Undefined variable: group D:\wamp\www\blog\ThinkPHP\Lib\Core\App.class.php 第 95 行.
ERR: 无法加载模块:__PUBLIC__

[ 2014-12-27T09:36:36+08:00 ] 127.0.0.1 /blog/index.php/__PUBLIC__/Js/jquery-1.7.2.min.js
INFO: [ route_check ] --START--
INFO: CheckRoute Behavior ::run [ RunTime:0.001380s ]
INFO: [ route_check ] --END-- [ RunTime:0.001558s ]
INFO: [ app_begin ] --START--
INFO: ReadHtmlCache Behavior ::run [ RunTime:0.001017s ]
INFO: [ app_begin ] --END-- [ RunTime:0.001197s ]
NOTIC: [8] Undefined variable: group D:\wamp\www\blog\ThinkPHP\Lib\Core\App.class.php 第 95 行.
ERR: 无法加载模块:__PUBLIC__

[ 2014-12-27T09:36:36+08:00 ] 127.0.0.1 /blog/index.php/__PUBLIC__/Css/index.css
INFO: [ route_check ] --START--
INFO: CheckRoute Behavior ::run [ RunTime:0.000852s ]
INFO: [ route_check ] --END-- [ RunTime:0.001032s ]
INFO: [ app_begin ] --START--
INFO: ReadHtmlCache Behavior ::run [ RunTime:0.000489s ]
INFO: [ app_begin ] --END-- [ RunTime:0.000599s ]
NOTIC: [8] Undefined variable: group D:\wamp\www\blog\ThinkPHP\Lib\Core\App.class.php 第 95 行.
ERR: 无法加载模块:__PUBLIC__

[ 2014-12-27T09:36:54+08:00 ] 127.0.0.1 /blog/index.php/index
INFO: [ route_check ] --START--
INFO: CheckRoute Behavior ::run [ RunTime:0.000679s ]
INFO: [ route_check ] --END-- [ RunTime:0.000798s ]
INFO: [ app_begin ] --START--
INFO: ReadHtmlCache Behavior ::run [ RunTime:0.000521s ]
INFO: [ app_begin ] --END-- [ RunTime:0.000627s ]
INFO: [ view_parse ] --START--
NOTIC: [2] file_get_contents(./APP/Modules/index/Tpl/Commond/bootom.html) [<a href='function.file-get-contents'>function.file-get-contents</a>]: failed to open stream: No such file or directory D:\wamp\www\blog\ThinkPHP\Lib\Template\ThinkTemplate.class.php 第 695 行.

[ 2014-12-27T09:36:54+08:00 ] 127.0.0.1 /blog/index.php/__PUBLIC__/Css/common.css
INFO: [ route_check ] --START--
INFO: CheckRoute Behavior ::run [ RunTime:0.001159s ]
INFO: [ route_check ] --END-- [ RunTime:0.001345s ]
INFO: [ app_begin ] --START--
INFO: ReadHtmlCache Behavior ::run [ RunTime:0.001134s ]
INFO: [ app_begin ] --END-- [ RunTime:0.001310s ]
NOTIC: [8] Undefined variable: group D:\wamp\www\blog\ThinkPHP\Lib\Core\App.class.php 第 95 行.
ERR: 无法加载模块:__PUBLIC__

[ 2014-12-27T09:36:54+08:00 ] 127.0.0.1 /blog/index.php/__PUBLIC__/Js/common.js
INFO: [ route_check ] --START--
INFO: CheckRoute Behavior ::run [ RunTime:0.001344s ]
INFO: [ route_check ] --END-- [ RunTime:0.001515s ]
INFO: [ app_begin ] --START--
INFO: ReadHtmlCache Behavior ::run [ RunTime:0.000764s ]
INFO: [ app_begin ] --END-- [ RunTime:0.000926s ]
NOTIC: [8] Undefined variable: group D:\wamp\www\blog\ThinkPHP\Lib\Core\App.class.php 第 95 行.
ERR: 无法加载模块:__PUBLIC__

[ 2014-12-27T09:36:54+08:00 ] 127.0.0.1 /blog/index.php/__PUBLIC__/Css/index.css
INFO: [ route_check ] --START--
INFO: CheckRoute Behavior ::run [ RunTime:0.000860s ]
INFO: [ route_check ] --END-- [ RunTime:0.001036s ]
INFO: [ app_begin ] --START--
INFO: ReadHtmlCache Behavior ::run [ RunTime:0.000686s ]
INFO: [ app_begin ] --END-- [ RunTime:0.000816s ]
NOTIC: [8] Undefined variable: group D:\wamp\www\blog\ThinkPHP\Lib\Core\App.class.php 第 95 行.
ERR: 无法加载模块:__PUBLIC__

[ 2014-12-27T09:36:54+08:00 ] 127.0.0.1 /blog/index.php/__PUBLIC__/Js/jquery-1.7.2.min.js
INFO: [ route_check ] --START--
INFO: CheckRoute Behavior ::run [ RunTime:0.002140s ]
INFO: [ route_check ] --END-- [ RunTime:0.002336s ]
INFO: [ app_begin ] --START--
INFO: ReadHtmlCache Behavior ::run [ RunTime:0.000874s ]
INFO: [ app_begin ] --END-- [ RunTime:0.001086s ]
NOTIC: [8] Undefined variable: group D:\wamp\www\blog\ThinkPHP\Lib\Core\App.class.php 第 95 行.
ERR: 无法加载模块:__PUBLIC__

[ 2014-12-27T09:37:11+08:00 ] 127.0.0.1 /blog/index.php/index
INFO: [ route_check ] --START--
INFO: CheckRoute Behavior ::run [ RunTime:0.000571s ]
INFO: [ route_check ] --END-- [ RunTime:0.000689s ]
INFO: [ app_begin ] --START--
INFO: ReadHtmlCache Behavior ::run [ RunTime:0.000470s ]
INFO: [ app_begin ] --END-- [ RunTime:0.000574s ]
INFO: [ view_parse ] --START--
NOTIC: [2] file_get_contents(./APP/Modules/index/Tpl/Commond/bootom.html) [<a href='function.file-get-contents'>function.file-get-contents</a>]: failed to open stream: No such file or directory D:\wamp\www\blog\ThinkPHP\Lib\Template\ThinkTemplate.class.php 第 695 行.
SQL: SHOW COLUMNS FROM `hd_cate` [ RunTime:0.001556s ]
SQL: SELECT * FROM `hd_cate` ORDER BY sort  [ RunTime:0.000289s ]
INFO: ParseTemplate Behavior ::run [ RunTime:0.031691s ]
INFO: [ view_parse ] --END-- [ RunTime:0.031801s ]
INFO: [ view_filter ] --START--
INFO: ContentReplace Behavior ::run [ RunTime:0.000458s ]
INFO: TokenBuild Behavior ::run [ RunTime:0.000450s ]
INFO: WriteHtmlCache Behavior ::run [ RunTime:0.000329s ]
INFO: ShowRuntime Behavior ::run [ RunTime:0.000528s ]
INFO: [ view_filter ] --END-- [ RunTime:0.002053s ]
INFO: [ view_end ] --START--
INFO: ShowPageTrace Behavior ::run [ RunTime:0.000534s ]
INFO: [ view_end ] --END-- [ RunTime:0.000633s ]

[ 2014-12-27T09:37:16+08:00 ] 127.0.0.1 /blog/index.php/index
INFO: [ route_check ] --START--
INFO: CheckRoute Behavior ::run [ RunTime:0.000569s ]
INFO: [ route_check ] --END-- [ RunTime:0.000686s ]
INFO: [ app_begin ] --START--
INFO: ReadHtmlCache Behavior ::run [ RunTime:0.000471s ]
INFO: [ app_begin ] --END-- [ RunTime:0.000574s ]
INFO: [ view_parse ] --START--
NOTIC: [2] file_get_contents(./APP/Modules/index/Tpl/Commond/bootom.html) [<a href='function.file-get-contents'>function.file-get-contents</a>]: failed to open stream: No such file or directory D:\wamp\www\blog\ThinkPHP\Lib\Template\ThinkTemplate.class.php 第 695 行.
SQL: SHOW COLUMNS FROM `hd_cate` [ RunTime:0.001589s ]
SQL: SELECT * FROM `hd_cate` ORDER BY sort  [ RunTime:0.000412s ]
INFO: ParseTemplate Behavior ::run [ RunTime:0.030164s ]
INFO: [ view_parse ] --END-- [ RunTime:0.030277s ]
INFO: [ view_filter ] --START--
INFO: ContentReplace Behavior ::run [ RunTime:0.000427s ]
INFO: TokenBuild Behavior ::run [ RunTime:0.000402s ]
INFO: WriteHtmlCache Behavior ::run [ RunTime:0.000281s ]
INFO: ShowRuntime Behavior ::run [ RunTime:0.000489s ]
INFO: [ view_filter ] --END-- [ RunTime:0.001875s ]
INFO: [ view_end ] --START--
INFO: ShowPageTrace Behavior ::run [ RunTime:0.000496s ]
INFO: [ view_end ] --END-- [ RunTime:0.000596s ]

[ 2014-12-27T09:37:17+08:00 ] 127.0.0.1 /blog/index.php/index
INFO: [ route_check ] --START--
INFO: CheckRoute Behavior ::run [ RunTime:0.000572s ]
INFO: [ route_check ] --END-- [ RunTime:0.000688s ]
INFO: [ app_begin ] --START--
INFO: ReadHtmlCache Behavior ::run [ RunTime:0.000477s ]
INFO: [ app_begin ] --END-- [ RunTime:0.000580s ]
INFO: [ view_parse ] --START--
NOTIC: [2] file_get_contents(./APP/Modules/index/Tpl/Commond/bootom.html) [<a href='function.file-get-contents'>function.file-get-contents</a>]: failed to open stream: No such file or directory D:\wamp\www\blog\ThinkPHP\Lib\Template\ThinkTemplate.class.php 第 695 行.
SQL: SHOW COLUMNS FROM `hd_cate` [ RunTime:0.001590s ]
SQL: SELECT * FROM `hd_cate` ORDER BY sort  [ RunTime:0.000253s ]
INFO: ParseTemplate Behavior ::run [ RunTime:0.030812s ]
INFO: [ view_parse ] --END-- [ RunTime:0.030926s ]
INFO: [ view_filter ] --START--
INFO: ContentReplace Behavior ::run [ RunTime:0.000426s ]
INFO: TokenBuild Behavior ::run [ RunTime:0.000391s ]
INFO: WriteHtmlCache Behavior ::run [ RunTime:0.000292s ]
INFO: ShowRuntime Behavior ::run [ RunTime:0.000474s ]
INFO: [ view_filter ] --END-- [ RunTime:0.001857s ]
INFO: [ view_end ] --START--
INFO: ShowPageTrace Behavior ::run [ RunTime:0.000481s ]
INFO: [ view_end ] --END-- [ RunTime:0.000581s ]

[ 2014-12-27T09:37:59+08:00 ] 127.0.0.1 /blog/index.php/index
INFO: [ route_check ] --START--
INFO: CheckRoute Behavior ::run [ RunTime:0.000675s ]
INFO: [ route_check ] --END-- [ RunTime:0.000794s ]
INFO: [ app_begin ] --START--
INFO: ReadHtmlCache Behavior ::run [ RunTime:0.000511s ]
INFO: [ app_begin ] --END-- [ RunTime:0.000617s ]
INFO: [ view_parse ] --START--
NOTIC: [2] file_get_contents(./APP/Modules/index/Tpl/Commond/bootom.html) [<a href='function.file-get-contents'>function.file-get-contents</a>]: failed to open stream: No such file or directory D:\wamp\www\blog\ThinkPHP\Lib\Template\ThinkTemplate.class.php 第 695 行.

[ 2014-12-27T09:37:59+08:00 ] 127.0.0.1 /blog/index.php/__PUBLIC__/Js/common.js
INFO: [ route_check ] --START--
INFO: CheckRoute Behavior ::run [ RunTime:0.001075s ]
INFO: [ route_check ] --END-- [ RunTime:0.001252s ]
INFO: [ app_begin ] --START--
INFO: ReadHtmlCache Behavior ::run [ RunTime:0.001419s ]
INFO: [ app_begin ] --END-- [ RunTime:0.001571s ]
NOTIC: [8] Undefined variable: group D:\wamp\www\blog\ThinkPHP\Lib\Core\App.class.php 第 95 行.
ERR: 无法加载模块:__PUBLIC__

[ 2014-12-27T09:37:59+08:00 ] 127.0.0.1 /blog/index.php/__PUBLIC__/Css/index.css
INFO: [ route_check ] --START--
INFO: CheckRoute Behavior ::run [ RunTime:0.001034s ]
INFO: [ route_check ] --END-- [ RunTime:0.001202s ]
INFO: [ app_begin ] --START--
INFO: ReadHtmlCache Behavior ::run [ RunTime:0.000718s ]
INFO: [ app_begin ] --END-- [ RunTime:0.000879s ]
NOTIC: [8] Undefined variable: group D:\wamp\www\blog\ThinkPHP\Lib\Core\App.class.php 第 95 行.
ERR: 无法加载模块:__PUBLIC__

[ 2014-12-27T09:37:59+08:00 ] 127.0.0.1 /blog/index.php/__PUBLIC__/Js/jquery-1.7.2.min.js
INFO: [ route_check ] --START--
INFO: CheckRoute Behavior ::run [ RunTime:0.001511s ]
INFO: [ route_check ] --END-- [ RunTime:0.001678s ]
INFO: [ app_begin ] --START--
INFO: ReadHtmlCache Behavior ::run [ RunTime:0.000741s ]
INFO: [ app_begin ] --END-- [ RunTime:0.000896s ]
NOTIC: [8] Undefined variable: group D:\wamp\www\blog\ThinkPHP\Lib\Core\App.class.php 第 95 行.
ERR: 无法加载模块:__PUBLIC__

[ 2014-12-27T09:37:59+08:00 ] 127.0.0.1 /blog/index.php/__PUBLIC__/Css/common.css
INFO: [ route_check ] --START--
INFO: CheckRoute Behavior ::run [ RunTime:0.001274s ]
INFO: [ route_check ] --END-- [ RunTime:0.001437s ]
INFO: [ app_begin ] --START--
INFO: ReadHtmlCache Behavior ::run [ RunTime:0.000698s ]
INFO: [ app_begin ] --END-- [ RunTime:0.000843s ]
NOTIC: [8] Undefined variable: group D:\wamp\www\blog\ThinkPHP\Lib\Core\App.class.php 第 95 行.
ERR: 无法加载模块:__PUBLIC__

[ 2014-12-27T09:38:29+08:00 ] 127.0.0.1 /blog/index.php/index
INFO: [ route_check ] --START--
INFO: CheckRoute Behavior ::run [ RunTime:0.000674s ]
INFO: [ route_check ] --END-- [ RunTime:0.000792s ]
INFO: [ app_begin ] --START--
INFO: ReadHtmlCache Behavior ::run [ RunTime:0.000510s ]
INFO: [ app_begin ] --END-- [ RunTime:0.000614s ]
INFO: [ view_parse ] --START--
NOTIC: [2] file_get_contents(./APP/Modules/index/Tpl/Commond/bootom.html) [<a href='function.file-get-contents'>function.file-get-contents</a>]: failed to open stream: No such file or directory D:\wamp\www\blog\ThinkPHP\Lib\Template\ThinkTemplate.class.php 第 695 行.

[ 2014-12-27T09:38:29+08:00 ] 127.0.0.1 /blog/index.php/__PUBLIC__/Css/common.css
INFO: [ route_check ] --START--
INFO: CheckRoute Behavior ::run [ RunTime:0.001212s ]
INFO: [ route_check ] --END-- [ RunTime:0.001771s ]
INFO: [ app_begin ] --START--
INFO: ReadHtmlCache Behavior ::run [ RunTime:0.001628s ]
INFO: [ app_begin ] --END-- [ RunTime:0.001793s ]
NOTIC: [8] Undefined variable: group D:\wamp\www\blog\ThinkPHP\Lib\Core\App.class.php 第 95 行.
ERR: 无法加载模块:__PUBLIC__

[ 2014-12-27T09:38:29+08:00 ] 127.0.0.1 /blog/index.php/__PUBLIC__/Js/jquery-1.7.2.min.js
INFO: [ route_check ] --START--
INFO: CheckRoute Behavior ::run [ RunTime:0.001216s ]
INFO: [ route_check ] --END-- [ RunTime:0.001403s ]
INFO: [ app_begin ] --START--
INFO: ReadHtmlCache Behavior ::run [ RunTime:0.001315s ]
INFO: [ app_begin ] --END-- [ RunTime:0.001534s ]
NOTIC: [8] Undefined variable: group D:\wamp\www\blog\ThinkPHP\Lib\Core\App.class.php 第 95 行.
ERR: 无法加载模块:__PUBLIC__

[ 2014-12-27T09:38:29+08:00 ] 127.0.0.1 /blog/index.php/__PUBLIC__/Js/common.js
INFO: [ route_check ] --START--
INFO: CheckRoute Behavior ::run [ RunTime:0.001260s ]
INFO: [ route_check ] --END-- [ RunTime:0.001436s ]
INFO: [ app_begin ] --START--
INFO: ReadHtmlCache Behavior ::run [ RunTime:0.001449s ]
INFO: [ app_begin ] --END-- [ RunTime:0.001644s ]
NOTIC: [8] Undefined variable: group D:\wamp\www\blog\ThinkPHP\Lib\Core\App.class.php 第 95 行.
ERR: 无法加载模块:__PUBLIC__

[ 2014-12-27T09:38:29+08:00 ] 127.0.0.1 /blog/index.php/__PUBLIC__/Css/index.css
INFO: [ route_check ] --START--
INFO: CheckRoute Behavior ::run [ RunTime:0.001052s ]
INFO: [ route_check ] --END-- [ RunTime:0.001275s ]
INFO: [ app_begin ] --START--
INFO: ReadHtmlCache Behavior ::run [ RunTime:0.000830s ]
INFO: [ app_begin ] --END-- [ RunTime:0.000991s ]
NOTIC: [8] Undefined variable: group D:\wamp\www\blog\ThinkPHP\Lib\Core\App.class.php 第 95 行.
ERR: 无法加载模块:__PUBLIC__

[ 2014-12-27T09:38:36+08:00 ] 127.0.0.1 /blog/index.php/index
INFO: [ route_check ] --START--
INFO: CheckRoute Behavior ::run [ RunTime:0.000571s ]
INFO: [ route_check ] --END-- [ RunTime:0.000686s ]
INFO: [ app_begin ] --START--
INFO: ReadHtmlCache Behavior ::run [ RunTime:0.000463s ]
INFO: [ app_begin ] --END-- [ RunTime:0.000566s ]
INFO: [ view_parse ] --START--
NOTIC: [2] file_get_contents(./APP/Modules/index/Tpl/Commond/bootom.html) [<a href='function.file-get-contents'>function.file-get-contents</a>]: failed to open stream: No such file or directory D:\wamp\www\blog\ThinkPHP\Lib\Template\ThinkTemplate.class.php 第 695 行.

[ 2014-12-27T09:38:36+08:00 ] 127.0.0.1 /blog/index.php/__PUBLIC__/Css/common.css
INFO: [ route_check ] --START--
INFO: CheckRoute Behavior ::run [ RunTime:0.001634s ]
INFO: [ route_check ] --END-- [ RunTime:0.001817s ]
INFO: [ app_begin ] --START--
INFO: ReadHtmlCache Behavior ::run [ RunTime:0.001152s ]
INFO: [ app_begin ] --END-- [ RunTime:0.001302s ]
NOTIC: [8] Undefined variable: group D:\wamp\www\blog\ThinkPHP\Lib\Core\App.class.php 第 95 行.
ERR: 无法加载模块:__PUBLIC__

[ 2014-12-27T09:38:36+08:00 ] 127.0.0.1 /blog/index.php/__PUBLIC__/Js/jquery-1.7.2.min.js
INFO: [ route_check ] --START--
INFO: CheckRoute Behavior ::run [ RunTime:0.003237s ]
INFO: [ route_check ] --END-- [ RunTime:0.003429s ]
INFO: [ app_begin ] --START--
INFO: ReadHtmlCache Behavior ::run [ RunTime:0.000782s ]
INFO: [ app_begin ] --END-- [ RunTime:0.000963s ]
NOTIC: [8] Undefined variable: group D:\wamp\www\blog\ThinkPHP\Lib\Core\App.class.php 第 95 行.
ERR: 无法加载模块:__PUBLIC__

[ 2014-12-27T09:38:36+08:00 ] 127.0.0.1 /blog/index.php/__PUBLIC__/Js/common.js
INFO: [ route_check ] --START--
INFO: CheckRoute Behavior ::run [ RunTime:0.003022s ]
INFO: [ route_check ] --END-- [ RunTime:0.003248s ]
INFO: [ app_begin ] --START--
INFO: ReadHtmlCache Behavior ::run [ RunTime:0.001161s ]
INFO: [ app_begin ] --END-- [ RunTime:0.001361s ]
NOTIC: [8] Undefined variable: group D:\wamp\www\blog\ThinkPHP\Lib\Core\App.class.php 第 95 行.
ERR: 无法加载模块:__PUBLIC__

[ 2014-12-27T09:38:36+08:00 ] 127.0.0.1 /blog/index.php/__PUBLIC__/Css/index.css
INFO: [ route_check ] --START--
INFO: CheckRoute Behavior ::run [ RunTime:0.001363s ]
INFO: [ route_check ] --END-- [ RunTime:0.001611s ]
INFO: [ app_begin ] --START--
INFO: ReadHtmlCache Behavior ::run [ RunTime:0.000743s ]
INFO: [ app_begin ] --END-- [ RunTime:0.000912s ]
NOTIC: [8] Undefined variable: group D:\wamp\www\blog\ThinkPHP\Lib\Core\App.class.php 第 95 行.
ERR: 无法加载模块:__PUBLIC__

[ 2014-12-27T09:38:36+08:00 ] 127.0.0.1 /blog/index.php/index
INFO: [ route_check ] --START--
INFO: CheckRoute Behavior ::run [ RunTime:0.000581s ]
INFO: [ route_check ] --END-- [ RunTime:0.000701s ]
INFO: [ app_begin ] --START--
INFO: ReadHtmlCache Behavior ::run [ RunTime:0.000465s ]
INFO: [ app_begin ] --END-- [ RunTime:0.000567s ]
INFO: [ view_parse ] --START--
NOTIC: [2] file_get_contents(./APP/Modules/index/Tpl/Commond/bootom.html) [<a href='function.file-get-contents'>function.file-get-contents</a>]: failed to open stream: No such file or directory D:\wamp\www\blog\ThinkPHP\Lib\Template\ThinkTemplate.class.php 第 695 行.

[ 2014-12-27T09:38:36+08:00 ] 127.0.0.1 /blog/index.php/__PUBLIC__/Css/common.css
INFO: [ route_check ] --START--
INFO: CheckRoute Behavior ::run [ RunTime:0.001600s ]
INFO: [ route_check ] --END-- [ RunTime:0.001817s ]
INFO: [ app_begin ] --START--
INFO: ReadHtmlCache Behavior ::run [ RunTime:0.001307s ]
INFO: [ app_begin ] --END-- [ RunTime:0.001502s ]
NOTIC: [8] Undefined variable: group D:\wamp\www\blog\ThinkPHP\Lib\Core\App.class.php 第 95 行.
ERR: 无法加载模块:__PUBLIC__

[ 2014-12-27T09:38:37+08:00 ] 127.0.0.1 /blog/index.php/__PUBLIC__/Js/jquery-1.7.2.min.js
INFO: [ route_check ] --START--
INFO: CheckRoute Behavior ::run [ RunTime:0.003049s ]
INFO: [ route_check ] --END-- [ RunTime:0.003253s ]
INFO: [ app_begin ] --START--
INFO: ReadHtmlCache Behavior ::run [ RunTime:0.000732s ]
INFO: [ app_begin ] --END-- [ RunTime:0.000889s ]
NOTIC: [8] Undefined variable: group D:\wamp\www\blog\ThinkPHP\Lib\Core\App.class.php 第 95 行.
ERR: 无法加载模块:__PUBLIC__

[ 2014-12-27T09:38:37+08:00 ] 127.0.0.1 /blog/index.php/__PUBLIC__/Js/common.js
INFO: [ route_check ] --START--
INFO: CheckRoute Behavior ::run [ RunTime:0.002634s ]
INFO: [ route_check ] --END-- [ RunTime:0.003138s ]
INFO: [ app_begin ] --START--
INFO: ReadHtmlCache Behavior ::run [ RunTime:0.000799s ]
INFO: [ app_begin ] --END-- [ RunTime:0.000960s ]
NOTIC: [8] Undefined variable: group D:\wamp\www\blog\ThinkPHP\Lib\Core\App.class.php 第 95 行.
ERR: 无法加载模块:__PUBLIC__

[ 2014-12-27T09:38:37+08:00 ] 127.0.0.1 /blog/index.php/__PUBLIC__/Css/index.css
INFO: [ route_check ] --START--
INFO: CheckRoute Behavior ::run [ RunTime:0.001054s ]
INFO: [ route_check ] --END-- [ RunTime:0.001291s ]
INFO: [ app_begin ] --START--
INFO: ReadHtmlCache Behavior ::run [ RunTime:0.000833s ]
INFO: [ app_begin ] --END-- [ RunTime:0.001036s ]
NOTIC: [8] Undefined variable: group D:\wamp\www\blog\ThinkPHP\Lib\Core\App.class.php 第 95 行.
ERR: 无法加载模块:__PUBLIC__

[ 2014-12-27T09:46:09+08:00 ] 127.0.0.1 /blog/index.php/index
INFO: [ route_check ] --START--
INFO: CheckRoute Behavior ::run [ RunTime:0.000676s ]
INFO: [ route_check ] --END-- [ RunTime:0.000799s ]
INFO: [ app_begin ] --START--
INFO: ReadHtmlCache Behavior ::run [ RunTime:0.000559s ]
INFO: [ app_begin ] --END-- [ RunTime:0.000663s ]
INFO: [ view_parse ] --START--
NOTIC: [2] file_get_contents(./APP/Modules/index/Tpl/Commond/bootom.html) [<a href='function.file-get-contents'>function.file-get-contents</a>]: failed to open stream: No such file or directory D:\wamp\www\blog\ThinkPHP\Lib\Template\ThinkTemplate.class.php 第 695 行.

[ 2014-12-27T09:46:09+08:00 ] 127.0.0.1 /blog/index.php/__PUBLIC__/Css/common.css
INFO: [ route_check ] --START--
INFO: CheckRoute Behavior ::run [ RunTime:0.001496s ]
INFO: [ route_check ] --END-- [ RunTime:0.001740s ]
INFO: [ app_begin ] --START--
INFO: ReadHtmlCache Behavior ::run [ RunTime:0.000873s ]
INFO: [ app_begin ] --END-- [ RunTime:0.001038s ]
NOTIC: [8] Undefined variable: group D:\wamp\www\blog\ThinkPHP\Lib\Core\App.class.php 第 95 行.
ERR: 无法加载模块:__PUBLIC__

[ 2014-12-27T09:46:09+08:00 ] 127.0.0.1 /blog/index.php/__PUBLIC__/Js/common.js
INFO: [ route_check ] --START--
INFO: CheckRoute Behavior ::run [ RunTime:0.001662s ]
INFO: [ route_check ] --END-- [ RunTime:0.001845s ]
INFO: [ app_begin ] --START--
INFO: ReadHtmlCache Behavior ::run [ RunTime:0.001155s ]
INFO: [ app_begin ] --END-- [ RunTime:0.001435s ]
NOTIC: [8] Undefined variable: group D:\wamp\www\blog\ThinkPHP\Lib\Core\App.class.php 第 95 行.
ERR: 无法加载模块:__PUBLIC__

[ 2014-12-27T09:46:09+08:00 ] 127.0.0.1 /blog/index.php/__PUBLIC__/Js/jquery-1.7.2.min.js
INFO: [ route_check ] --START--
INFO: CheckRoute Behavior ::run [ RunTime:0.001706s ]
INFO: [ route_check ] --END-- [ RunTime:0.001909s ]
INFO: [ app_begin ] --START--
INFO: ReadHtmlCache Behavior ::run [ RunTime:0.001155s ]
INFO: [ app_begin ] --END-- [ RunTime:0.001354s ]
NOTIC: [8] Undefined variable: group D:\wamp\www\blog\ThinkPHP\Lib\Core\App.class.php 第 95 行.
ERR: 无法加载模块:__PUBLIC__

[ 2014-12-27T09:46:09+08:00 ] 127.0.0.1 /blog/index.php/__PUBLIC__/Css/index.css
INFO: [ route_check ] --START--
INFO: CheckRoute Behavior ::run [ RunTime:0.001212s ]
INFO: [ route_check ] --END-- [ RunTime:0.001393s ]
INFO: [ app_begin ] --START--
INFO: ReadHtmlCache Behavior ::run [ RunTime:0.000635s ]
INFO: [ app_begin ] --END-- [ RunTime:0.000769s ]
NOTIC: [8] Undefined variable: group D:\wamp\www\blog\ThinkPHP\Lib\Core\App.class.php 第 95 行.
ERR: 无法加载模块:__PUBLIC__

[ 2014-12-27T09:46:09+08:00 ] 127.0.0.1 /blog/index.php/index
INFO: [ route_check ] --START--
INFO: CheckRoute Behavior ::run [ RunTime:0.000572s ]
INFO: [ route_check ] --END-- [ RunTime:0.000691s ]
INFO: [ app_begin ] --START--
INFO: ReadHtmlCache Behavior ::run [ RunTime:0.000478s ]
INFO: [ app_begin ] --END-- [ RunTime:0.000582s ]
INFO: [ view_parse ] --START--
NOTIC: [2] file_get_contents(./APP/Modules/index/Tpl/Commond/bootom.html) [<a href='function.file-get-contents'>function.file-get-contents</a>]: failed to open stream: No such file or directory D:\wamp\www\blog\ThinkPHP\Lib\Template\ThinkTemplate.class.php 第 695 行.

[ 2014-12-27T09:46:09+08:00 ] 127.0.0.1 /blog/index.php/__PUBLIC__/Css/common.css
INFO: [ route_check ] --START--
INFO: CheckRoute Behavior ::run [ RunTime:0.001324s ]
INFO: [ route_check ] --END-- [ RunTime:0.001554s ]
INFO: [ app_begin ] --START--
INFO: ReadHtmlCache Behavior ::run [ RunTime:0.000867s ]
INFO: [ app_begin ] --END-- [ RunTime:0.001053s ]
NOTIC: [8] Undefined variable: group D:\wamp\www\blog\ThinkPHP\Lib\Core\App.class.php 第 95 行.
ERR: 无法加载模块:__PUBLIC__

[ 2014-12-27T09:46:09+08:00 ] 127.0.0.1 /blog/index.php/__PUBLIC__/Js/jquery-1.7.2.min.js
INFO: [ route_check ] --START--
INFO: CheckRoute Behavior ::run [ RunTime:0.001234s ]
INFO: [ route_check ] --END-- [ RunTime:0.001398s ]
INFO: [ app_begin ] --START--
INFO: ReadHtmlCache Behavior ::run [ RunTime:0.001014s ]
INFO: [ app_begin ] --END-- [ RunTime:0.001192s ]
NOTIC: [8] Undefined variable: group D:\wamp\www\blog\ThinkPHP\Lib\Core\App.class.php 第 95 行.
ERR: 无法加载模块:__PUBLIC__

[ 2014-12-27T09:46:09+08:00 ] 127.0.0.1 /blog/index.php/__PUBLIC__/Js/common.js
INFO: [ route_check ] --START--
INFO: CheckRoute Behavior ::run [ RunTime:0.000897s ]
INFO: [ route_check ] --END-- [ RunTime:0.001081s ]
INFO: [ app_begin ] --START--
INFO: ReadHtmlCache Behavior ::run [ RunTime:0.000960s ]
INFO: [ app_begin ] --END-- [ RunTime:0.001145s ]
NOTIC: [8] Undefined variable: group D:\wamp\www\blog\ThinkPHP\Lib\Core\App.class.php 第 95 行.
ERR: 无法加载模块:__PUBLIC__

[ 2014-12-27T09:46:09+08:00 ] 127.0.0.1 /blog/index.php/__PUBLIC__/Css/index.css
INFO: [ route_check ] --START--
INFO: CheckRoute Behavior ::run [ RunTime:0.000828s ]
INFO: [ route_check ] --END-- [ RunTime:0.000996s ]
INFO: [ app_begin ] --START--
INFO: ReadHtmlCache Behavior ::run [ RunTime:0.000709s ]
INFO: [ app_begin ] --END-- [ RunTime:0.000867s ]
NOTIC: [8] Undefined variable: group D:\wamp\www\blog\ThinkPHP\Lib\Core\App.class.php 第 95 行.
ERR: 无法加载模块:__PUBLIC__

[ 2014-12-27T09:46:30+08:00 ] 127.0.0.1 /blog/index.php/index
INFO: [ route_check ] --START--
INFO: CheckRoute Behavior ::run [ RunTime:0.000685s ]
INFO: [ route_check ] --END-- [ RunTime:0.000806s ]
INFO: [ app_begin ] --START--
INFO: ReadHtmlCache Behavior ::run [ RunTime:0.000516s ]
INFO: [ app_begin ] --END-- [ RunTime:0.000623s ]
INFO: [ view_parse ] --START--
NOTIC: [2] file_get_contents(./APP/Modules/index/Tpl/Commond/bootom.html) [<a href='function.file-get-contents'>function.file-get-contents</a>]: failed to open stream: No such file or directory D:\wamp\www\blog\ThinkPHP\Lib\Template\ThinkTemplate.class.php 第 695 行.
SQL: SHOW COLUMNS FROM `hd_cate` [ RunTime:0.001753s ]
SQL: SELECT * FROM `hd_cate` ORDER BY sort  [ RunTime:0.000433s ]
INFO: ParseTemplate Behavior ::run [ RunTime:0.022292s ]
INFO: [ view_parse ] --END-- [ RunTime:0.022408s ]
INFO: [ view_filter ] --START--
INFO: ContentReplace Behavior ::run [ RunTime:0.000476s ]
INFO: TokenBuild Behavior ::run [ RunTime:0.000455s ]
INFO: WriteHtmlCache Behavior ::run [ RunTime:0.000335s ]
INFO: ShowRuntime Behavior ::run [ RunTime:0.000531s ]
INFO: [ view_filter ] --END-- [ RunTime:0.002078s ]
INFO: [ view_end ] --START--
INFO: ShowPageTrace Behavior ::run [ RunTime:0.000543s ]
INFO: [ view_end ] --END-- [ RunTime:0.000644s ]

[ 2014-12-27T09:46:34+08:00 ] 127.0.0.1 /blog/index.php/index
INFO: [ route_check ] --START--
INFO: CheckRoute Behavior ::run [ RunTime:0.000593s ]
INFO: [ route_check ] --END-- [ RunTime:0.000712s ]
INFO: [ app_begin ] --START--
INFO: ReadHtmlCache Behavior ::run [ RunTime:0.000470s ]
INFO: [ app_begin ] --END-- [ RunTime:0.000576s ]
INFO: [ view_parse ] --START--
NOTIC: [2] file_get_contents(./APP/Modules/index/Tpl/Commond/bootom.html) [<a href='function.file-get-contents'>function.file-get-contents</a>]: failed to open stream: No such file or directory D:\wamp\www\blog\ThinkPHP\Lib\Template\ThinkTemplate.class.php 第 695 行.
SQL: SHOW COLUMNS FROM `hd_cate` [ RunTime:0.001679s ]
SQL: SELECT * FROM `hd_cate` ORDER BY sort  [ RunTime:0.000361s ]
INFO: ParseTemplate Behavior ::run [ RunTime:0.021452s ]
INFO: [ view_parse ] --END-- [ RunTime:0.021564s ]
INFO: [ view_filter ] --START--
INFO: ContentReplace Behavior ::run [ RunTime:0.000458s ]
INFO: TokenBuild Behavior ::run [ RunTime:0.000448s ]
INFO: WriteHtmlCache Behavior ::run [ RunTime:0.000327s ]
INFO: ShowRuntime Behavior ::run [ RunTime:0.000604s ]
INFO: [ view_filter ] --END-- [ RunTime:0.002128s ]
INFO: [ view_end ] --START--
INFO: ShowPageTrace Behavior ::run [ RunTime:0.000686s ]
INFO: [ view_end ] --END-- [ RunTime:0.000790s ]

[ 2014-12-27T09:46:35+08:00 ] 127.0.0.1 /blog/index.php/index
INFO: [ route_check ] --START--
INFO: CheckRoute Behavior ::run [ RunTime:0.000593s ]
INFO: [ route_check ] --END-- [ RunTime:0.000712s ]
INFO: [ app_begin ] --START--
INFO: ReadHtmlCache Behavior ::run [ RunTime:0.000466s ]
INFO: [ app_begin ] --END-- [ RunTime:0.000569s ]
INFO: [ view_parse ] --START--
NOTIC: [2] file_get_contents(./APP/Modules/index/Tpl/Commond/bootom.html) [<a href='function.file-get-contents'>function.file-get-contents</a>]: failed to open stream: No such file or directory D:\wamp\www\blog\ThinkPHP\Lib\Template\ThinkTemplate.class.php 第 695 行.
SQL: SHOW COLUMNS FROM `hd_cate` [ RunTime:0.001527s ]
SQL: SELECT * FROM `hd_cate` ORDER BY sort  [ RunTime:0.000404s ]
INFO: ParseTemplate Behavior ::run [ RunTime:0.031192s ]
INFO: [ view_parse ] --END-- [ RunTime:0.031306s ]
INFO: [ view_filter ] --START--
INFO: ContentReplace Behavior ::run [ RunTime:0.000423s ]
INFO: TokenBuild Behavior ::run [ RunTime:0.000405s ]
INFO: WriteHtmlCache Behavior ::run [ RunTime:0.000318s ]
INFO: ShowRuntime Behavior ::run [ RunTime:0.000494s ]
INFO: [ view_filter ] --END-- [ RunTime:0.001925s ]
INFO: [ view_end ] --START--
INFO: ShowPageTrace Behavior ::run [ RunTime:0.000488s ]
INFO: [ view_end ] --END-- [ RunTime:0.000589s ]

[ 2014-12-27T09:48:57+08:00 ] 127.0.0.1 /blog/index.php/Show
INFO: [ route_check ] --START--
INFO: CheckRoute Behavior ::run [ RunTime:0.000674s ]
INFO: [ route_check ] --END-- [ RunTime:0.000793s ]
INFO: [ app_begin ] --START--
INFO: ReadHtmlCache Behavior ::run [ RunTime:0.000512s ]
INFO: [ app_begin ] --END-- [ RunTime:0.000617s ]
INFO: [ view_parse ] --START--
SQL: SHOW COLUMNS FROM `hd_cate` [ RunTime:0.001641s ]
SQL: SELECT * FROM `hd_cate` ORDER BY sort  [ RunTime:0.000390s ]
INFO: ParseTemplate Behavior ::run [ RunTime:0.030867s ]
INFO: [ view_parse ] --END-- [ RunTime:0.030987s ]
INFO: [ view_filter ] --START--
INFO: ContentReplace Behavior ::run [ RunTime:0.000461s ]
INFO: TokenBuild Behavior ::run [ RunTime:0.000445s ]
INFO: WriteHtmlCache Behavior ::run [ RunTime:0.000330s ]
INFO: ShowRuntime Behavior ::run [ RunTime:0.000518s ]
INFO: [ view_filter ] --END-- [ RunTime:0.002031s ]
INFO: [ view_end ] --START--
INFO: ShowPageTrace Behavior ::run [ RunTime:0.000546s ]
INFO: [ view_end ] --END-- [ RunTime:0.000645s ]

[ 2014-12-27T09:50:09+08:00 ] 127.0.0.1 /blog/index.php/Show
INFO: [ route_check ] --START--
INFO: CheckRoute Behavior ::run [ RunTime:0.000678s ]
INFO: [ route_check ] --END-- [ RunTime:0.000798s ]
INFO: [ app_begin ] --START--
INFO: ReadHtmlCache Behavior ::run [ RunTime:0.000545s ]
INFO: [ app_begin ] --END-- [ RunTime:0.000655s ]
INFO: [ view_parse ] --START--
SQL: SHOW COLUMNS FROM `hd_cate` [ RunTime:0.001708s ]
SQL: SELECT * FROM `hd_cate` ORDER BY sort  [ RunTime:0.000360s ]
INFO: ParseTemplate Behavior ::run [ RunTime:0.029432s ]
INFO: [ view_parse ] --END-- [ RunTime:0.029558s ]
INFO: [ view_filter ] --START--
INFO: ContentReplace Behavior ::run [ RunTime:0.000480s ]
INFO: TokenBuild Behavior ::run [ RunTime:0.000471s ]
INFO: WriteHtmlCache Behavior ::run [ RunTime:0.000335s ]
INFO: ShowRuntime Behavior ::run [ RunTime:0.000523s ]
INFO: [ view_filter ] --END-- [ RunTime:0.002092s ]
INFO: [ view_end ] --START--
INFO: ShowPageTrace Behavior ::run [ RunTime:0.000548s ]
INFO: [ view_end ] --END-- [ RunTime:0.000648s ]

[ 2014-12-27T09:50:17+08:00 ] 127.0.0.1 /blog/index.php/index
INFO: [ route_check ] --START--
INFO: CheckRoute Behavior ::run [ RunTime:0.000674s ]
INFO: [ route_check ] --END-- [ RunTime:0.000793s ]
INFO: [ app_begin ] --START--
INFO: ReadHtmlCache Behavior ::run [ RunTime:0.000511s ]
INFO: [ app_begin ] --END-- [ RunTime:0.000615s ]
INFO: [ view_parse ] --START--
NOTIC: [2] file_get_contents(./APP/Modules/index/Tpl/Commond/bootom.html) [<a href='function.file-get-contents'>function.file-get-contents</a>]: failed to open stream: No such file or directory D:\wamp\www\blog\ThinkPHP\Lib\Template\ThinkTemplate.class.php 第 695 行.
SQL: SHOW COLUMNS FROM `hd_cate` [ RunTime:0.001765s ]
SQL: SELECT * FROM `hd_cate` ORDER BY sort  [ RunTime:0.000420s ]
INFO: ParseTemplate Behavior ::run [ RunTime:0.030694s ]
INFO: [ view_parse ] --END-- [ RunTime:0.030806s ]
INFO: [ view_filter ] --START--
INFO: ContentReplace Behavior ::run [ RunTime:0.000458s ]
INFO: TokenBuild Behavior ::run [ RunTime:0.000447s ]
INFO: WriteHtmlCache Behavior ::run [ RunTime:0.000326s ]
INFO: ShowRuntime Behavior ::run [ RunTime:0.000530s ]
INFO: [ view_filter ] --END-- [ RunTime:0.002037s ]
INFO: [ view_end ] --START--
INFO: ShowPageTrace Behavior ::run [ RunTime:0.000553s ]
INFO: [ view_end ] --END-- [ RunTime:0.000671s ]

[ 2014-12-27T09:50:18+08:00 ] 127.0.0.1 /blog/index.php/index
INFO: [ route_check ] --START--
INFO: CheckRoute Behavior ::run [ RunTime:0.000805s ]
INFO: [ route_check ] --END-- [ RunTime:0.000950s ]
INFO: [ app_begin ] --START--
INFO: ReadHtmlCache Behavior ::run [ RunTime:0.000750s ]
INFO: [ app_begin ] --END-- [ RunTime:0.000902s ]
INFO: [ view_parse ] --START--
NOTIC: [2] file_get_contents(./APP/Modules/index/Tpl/Commond/bootom.html) [<a href='function.file-get-contents'>function.file-get-contents</a>]: failed to open stream: No such file or directory D:\wamp\www\blog\ThinkPHP\Lib\Template\ThinkTemplate.class.php 第 695 行.
SQL: SHOW COLUMNS FROM `hd_cate` [ RunTime:0.001652s ]
SQL: SELECT * FROM `hd_cate` ORDER BY sort  [ RunTime:0.000414s ]
INFO: ParseTemplate Behavior ::run [ RunTime:0.021679s ]
INFO: [ view_parse ] --END-- [ RunTime:0.021791s ]
INFO: [ view_filter ] --START--
INFO: ContentReplace Behavior ::run [ RunTime:0.000475s ]
INFO: TokenBuild Behavior ::run [ RunTime:0.000459s ]
INFO: WriteHtmlCache Behavior ::run [ RunTime:0.000345s ]
INFO: ShowRuntime Behavior ::run [ RunTime:0.000532s ]
INFO: [ view_filter ] --END-- [ RunTime:0.002092s ]
INFO: [ view_end ] --START--
INFO: ShowPageTrace Behavior ::run [ RunTime:0.000538s ]
INFO: [ view_end ] --END-- [ RunTime:0.000639s ]

[ 2014-12-27T09:50:18+08:00 ] 127.0.0.1 /blog/index.php/index
INFO: [ route_check ] --START--
INFO: CheckRoute Behavior ::run [ RunTime:0.000673s ]
INFO: [ route_check ] --END-- [ RunTime:0.000794s ]
INFO: [ app_begin ] --START--
INFO: ReadHtmlCache Behavior ::run [ RunTime:0.000514s ]
INFO: [ app_begin ] --END-- [ RunTime:0.000619s ]
INFO: [ view_parse ] --START--
NOTIC: [2] file_get_contents(./APP/Modules/index/Tpl/Commond/bootom.html) [<a href='function.file-get-contents'>function.file-get-contents</a>]: failed to open stream: No such file or directory D:\wamp\www\blog\ThinkPHP\Lib\Template\ThinkTemplate.class.php 第 695 行.
SQL: SHOW COLUMNS FROM `hd_cate` [ RunTime:0.001625s ]
SQL: SELECT * FROM `hd_cate` ORDER BY sort  [ RunTime:0.000444s ]
INFO: ParseTemplate Behavior ::run [ RunTime:0.022246s ]
INFO: [ view_parse ] --END-- [ RunTime:0.022358s ]
INFO: [ view_filter ] --START--
INFO: ContentReplace Behavior ::run [ RunTime:0.000462s ]
INFO: TokenBuild Behavior ::run [ RunTime:0.000442s ]
INFO: WriteHtmlCache Behavior ::run [ RunTime:0.000333s ]
INFO: ShowRuntime Behavior ::run [ RunTime:0.000535s ]
INFO: [ view_filter ] --END-- [ RunTime:0.002049s ]
INFO: [ view_end ] --START--
INFO: ShowPageTrace Behavior ::run [ RunTime:0.000533s ]
INFO: [ view_end ] --END-- [ RunTime:0.000633s ]

[ 2014-12-27T09:50:19+08:00 ] 127.0.0.1 /blog/index.php/index
INFO: [ route_check ] --START--
INFO: CheckRoute Behavior ::run [ RunTime:0.000583s ]
INFO: [ route_check ] --END-- [ RunTime:0.000703s ]
INFO: [ app_begin ] --START--
INFO: ReadHtmlCache Behavior ::run [ RunTime:0.000468s ]
INFO: [ app_begin ] --END-- [ RunTime:0.000574s ]
INFO: [ view_parse ] --START--
NOTIC: [2] file_get_contents(./APP/Modules/index/Tpl/Commond/bootom.html) [<a href='function.file-get-contents'>function.file-get-contents</a>]: failed to open stream: No such file or directory D:\wamp\www\blog\ThinkPHP\Lib\Template\ThinkTemplate.class.php 第 695 行.
SQL: SHOW COLUMNS FROM `hd_cate` [ RunTime:0.001646s ]
SQL: SELECT * FROM `hd_cate` ORDER BY sort  [ RunTime:0.000319s ]
INFO: ParseTemplate Behavior ::run [ RunTime:0.030498s ]
INFO: [ view_parse ] --END-- [ RunTime:0.030608s ]
INFO: [ view_filter ] --START--
INFO: ContentReplace Behavior ::run [ RunTime:0.000433s ]
INFO: TokenBuild Behavior ::run [ RunTime:0.000392s ]
INFO: WriteHtmlCache Behavior ::run [ RunTime:0.000278s ]
INFO: ShowRuntime Behavior ::run [ RunTime:0.000475s ]
INFO: [ view_filter ] --END-- [ RunTime:0.001866s ]
INFO: [ view_end ] --START--
INFO: ShowPageTrace Behavior ::run [ RunTime:0.000483s ]
INFO: [ view_end ] --END-- [ RunTime:0.000583s ]

