[ 2014-12-11T00:36:25+08:00 ] 0.0.0.0 /blog/
INFO: [ app_begin ] --START--
INFO: ReadHtmlCache Behavior ::run [ RunTime:0.000930s ]
INFO: [ app_begin ] --END-- [ RunTime:0.002822s ]
ERR: 无法加载模块:Index

[ 2014-12-11T00:36:37+08:00 ] 0.0.0.0 /blog/index.php/Admin
INFO: [ route_check ] --START--
INFO: CheckRoute Behavior ::run [ RunTime:0.002597s ]
INFO: [ route_check ] --END-- [ RunTime:0.002958s ]
INFO: [ app_begin ] --START--
INFO: ReadHtmlCache Behavior ::run [ RunTime:0.001415s ]
INFO: [ app_begin ] --END-- [ RunTime:0.001615s ]

[ 2014-12-11T00:36:38+08:00 ] 0.0.0.0 /blog/index.php/Admin/Login/index.html
INFO: [ route_check ] --START--
INFO: CheckRoute Behavior ::run [ RunTime:0.000725s ]
INFO: [ route_check ] --END-- [ RunTime:0.000824s ]
INFO: [ app_begin ] --START--
INFO: ReadHtmlCache Behavior ::run [ RunTime:0.000460s ]
INFO: [ app_begin ] --END-- [ RunTime:0.000533s ]
INFO: [ view_parse ] --START--
NOTIC: [8] Undefined variable: user /Applications/MAMP/htdocs/blog/APP/Runtime/Cache/Admin/e12b7895fb88849814b805949664dd75.php 第 50 行.
INFO: ParseTemplate Behavior ::run [ RunTime:0.018410s ]
INFO: [ view_parse ] --END-- [ RunTime:0.018498s ]
INFO: [ view_filter ] --START--
INFO: ContentReplace Behavior ::run [ RunTime:0.000620s ]
INFO: TokenBuild Behavior ::run [ RunTime:0.000555s ]
INFO: WriteHtmlCache Behavior ::run [ RunTime:0.000510s ]
INFO: ShowRuntime Behavior ::run [ RunTime:0.000650s ]
INFO: [ view_filter ] --END-- [ RunTime:0.002553s ]
INFO: [ view_end ] --START--
INFO: ShowPageTrace Behavior ::run [ RunTime:0.000826s ]
INFO: [ view_end ] --END-- [ RunTime:0.000903s ]

[ 2014-12-11T00:36:38+08:00 ] 0.0.0.0 /blog/index.php/Admin/Login/verify
INFO: [ route_check ] --START--
INFO: CheckRoute Behavior ::run [ RunTime:0.000786s ]
INFO: [ route_check ] --END-- [ RunTime:0.000891s ]
INFO: [ app_begin ] --START--
INFO: ReadHtmlCache Behavior ::run [ RunTime:0.000598s ]
INFO: [ app_begin ] --END-- [ RunTime:0.000684s ]

[ 2014-12-11T00:36:43+08:00 ] 0.0.0.0 /blog/index.php/Admin/Login/login.html
INFO: [ route_check ] --START--
INFO: CheckRoute Behavior ::run [ RunTime:0.000955s ]
INFO: [ route_check ] --END-- [ RunTime:0.001164s ]
INFO: [ app_begin ] --START--
INFO: ReadHtmlCache Behavior ::run [ RunTime:0.000626s ]
INFO: [ app_begin ] --END-- [ RunTime:0.000759s ]
INFO: [ view_parse ] --START--
INFO: ParseTemplate Behavior ::run [ RunTime:0.009920s ]
INFO: [ view_parse ] --END-- [ RunTime:0.010044s ]
INFO: [ view_filter ] --START--
INFO: ContentReplace Behavior ::run [ RunTime:0.000349s ]
INFO: TokenBuild Behavior ::run [ RunTime:0.000397s ]
INFO: WriteHtmlCache Behavior ::run [ RunTime:0.000203s ]
INFO: ShowRuntime Behavior ::run [ RunTime:0.000418s ]
INFO: [ view_filter ] --END-- [ RunTime:0.001605s ]
INFO: [ view_end ] --START--
INFO: ShowPageTrace Behavior ::run [ RunTime:0.000575s ]
INFO: [ view_end ] --END-- [ RunTime:0.000649s ]

[ 2014-12-11T00:36:49+08:00 ] 0.0.0.0 /blog/index.php/Admin/Login/login.html
INFO: [ route_check ] --START--
INFO: CheckRoute Behavior ::run [ RunTime:0.000896s ]
INFO: [ route_check ] --END-- [ RunTime:0.001091s ]
INFO: [ app_begin ] --START--
INFO: ReadHtmlCache Behavior ::run [ RunTime:0.000494s ]
INFO: [ app_begin ] --END-- [ RunTime:0.000590s ]
SQL: SHOW COLUMNS FROM `hd_user` [ RunTime:0.003714s ]
SQL: SELECT * FROM `hd_user` WHERE ( `username` = 'admin' ) LIMIT 1   [ RunTime:0.000908s ]
SQL: UPDATE `hd_user` SET `logintime`=1418229409,`loginip`='0.0.0.0' WHERE ( `id` = 1 ) [ RunTime:0.002006s ]

[ 2014-12-11T00:36:49+08:00 ] 0.0.0.0 /blog/index.php/Admin
INFO: [ route_check ] --START--
INFO: CheckRoute Behavior ::run [ RunTime:0.000722s ]
INFO: [ route_check ] --END-- [ RunTime:0.000823s ]
INFO: [ app_begin ] --START--
INFO: ReadHtmlCache Behavior ::run [ RunTime:0.000459s ]
INFO: [ app_begin ] --END-- [ RunTime:0.000530s ]
INFO: [ view_parse ] --START--
INFO: ParseTemplate Behavior ::run [ RunTime:0.009557s ]
INFO: [ view_parse ] --END-- [ RunTime:0.009651s ]
INFO: [ view_filter ] --START--
INFO: ContentReplace Behavior ::run [ RunTime:0.000329s ]
INFO: TokenBuild Behavior ::run [ RunTime:0.000311s ]
INFO: WriteHtmlCache Behavior ::run [ RunTime:0.000174s ]
INFO: ShowRuntime Behavior ::run [ RunTime:0.000426s ]
INFO: [ view_filter ] --END-- [ RunTime:0.001453s ]
INFO: [ view_end ] --START--
INFO: ShowPageTrace Behavior ::run [ RunTime:0.000563s ]
INFO: [ view_end ] --END-- [ RunTime:0.000631s ]

[ 2014-12-11T00:36:51+08:00 ] 0.0.0.0 /blog/index.php/Admin/Blog/blog.html
INFO: [ route_check ] --START--
INFO: CheckRoute Behavior ::run [ RunTime:0.000744s ]
INFO: [ route_check ] --END-- [ RunTime:0.000850s ]
INFO: [ app_begin ] --START--
INFO: ReadHtmlCache Behavior ::run [ RunTime:0.000461s ]
INFO: [ app_begin ] --END-- [ RunTime:0.000531s ]
SQL: SHOW COLUMNS FROM `hd_cate` [ RunTime:0.003381s ]
SQL: SELECT * FROM `hd_cate`  [ RunTime:0.000635s ]
SQL: SHOW COLUMNS FROM `hd_attr` [ RunTime:0.002319s ]
SQL: SELECT * FROM `hd_attr`  [ RunTime:0.000532s ]
INFO: [ view_parse ] --START--
INFO: ParseTemplate Behavior ::run [ RunTime:0.011389s ]
INFO: [ view_parse ] --END-- [ RunTime:0.011513s ]
INFO: [ view_filter ] --START--
INFO: ContentReplace Behavior ::run [ RunTime:0.000288s ]
INFO: TokenBuild Behavior ::run [ RunTime:0.000301s ]
INFO: WriteHtmlCache Behavior ::run [ RunTime:0.000166s ]
INFO: ShowRuntime Behavior ::run [ RunTime:0.000394s ]
INFO: [ view_filter ] --END-- [ RunTime:0.001352s ]
INFO: [ view_end ] --START--
INFO: ShowPageTrace Behavior ::run [ RunTime:0.000549s ]
INFO: [ view_end ] --END-- [ RunTime:0.000620s ]

[ 2014-12-11T00:45:58+08:00 ] 0.0.0.0 /blog/index.php/Admin/Blog/blog.html
INFO: [ route_check ] --START--
INFO: CheckRoute Behavior ::run [ RunTime:0.001296s ]
INFO: [ route_check ] --END-- [ RunTime:0.001562s ]
INFO: [ app_begin ] --START--
INFO: ReadHtmlCache Behavior ::run [ RunTime:0.000564s ]
INFO: [ app_begin ] --END-- [ RunTime:0.000648s ]
SQL: SHOW COLUMNS FROM `hd_cate` [ RunTime:0.003332s ]
SQL: SELECT * FROM `hd_cate`  [ RunTime:0.000165s ]
SQL: SHOW COLUMNS FROM `hd_attr` [ RunTime:0.000935s ]
SQL: SELECT * FROM `hd_attr`  [ RunTime:0.000110s ]
INFO: [ view_parse ] --START--
INFO: ParseTemplate Behavior ::run [ RunTime:0.016479s ]
INFO: [ view_parse ] --END-- [ RunTime:0.016640s ]
INFO: [ view_filter ] --START--
INFO: ContentReplace Behavior ::run [ RunTime:0.000478s ]
INFO: TokenBuild Behavior ::run [ RunTime:0.000448s ]
INFO: WriteHtmlCache Behavior ::run [ RunTime:0.000263s ]
INFO: ShowRuntime Behavior ::run [ RunTime:0.000512s ]
INFO: [ view_filter ] --END-- [ RunTime:0.002000s ]
INFO: [ view_end ] --START--
INFO: ShowPageTrace Behavior ::run [ RunTime:0.000577s ]
INFO: [ view_end ] --END-- [ RunTime:0.000650s ]

[ 2014-12-11T00:46:55+08:00 ] 0.0.0.0 /blog/index.php/Admin/Blog/blog.html
INFO: [ route_check ] --START--
INFO: CheckRoute Behavior ::run [ RunTime:0.000869s ]
INFO: [ route_check ] --END-- [ RunTime:0.001064s ]
INFO: [ app_begin ] --START--
INFO: ReadHtmlCache Behavior ::run [ RunTime:0.000516s ]
INFO: [ app_begin ] --END-- [ RunTime:0.000596s ]
SQL: SHOW COLUMNS FROM `hd_cate` [ RunTime:0.003515s ]
SQL: SELECT * FROM `hd_cate`  [ RunTime:0.000145s ]
SQL: SHOW COLUMNS FROM `hd_attr` [ RunTime:0.001080s ]
SQL: SELECT * FROM `hd_attr`  [ RunTime:0.000132s ]
INFO: [ view_parse ] --START--
INFO: ParseTemplate Behavior ::run [ RunTime:0.010962s ]
INFO: [ view_parse ] --END-- [ RunTime:0.011083s ]
INFO: [ view_filter ] --START--
INFO: ContentReplace Behavior ::run [ RunTime:0.000309s ]
INFO: TokenBuild Behavior ::run [ RunTime:0.000303s ]
INFO: WriteHtmlCache Behavior ::run [ RunTime:0.000177s ]
INFO: ShowRuntime Behavior ::run [ RunTime:0.000453s ]
INFO: [ view_filter ] --END-- [ RunTime:0.001454s ]
INFO: [ view_end ] --START--
INFO: ShowPageTrace Behavior ::run [ RunTime:0.000698s ]
INFO: [ view_end ] --END-- [ RunTime:0.000809s ]

[ 2014-12-11T00:47:12+08:00 ] 0.0.0.0 /blog/index.php/Admin/Blog/blog.html
INFO: [ route_check ] --START--
INFO: CheckRoute Behavior ::run [ RunTime:0.000814s ]
INFO: [ route_check ] --END-- [ RunTime:0.000986s ]
INFO: [ app_begin ] --START--
INFO: ReadHtmlCache Behavior ::run [ RunTime:0.000503s ]
INFO: [ app_begin ] --END-- [ RunTime:0.000581s ]
SQL: SHOW COLUMNS FROM `hd_cate` [ RunTime:0.004216s ]
SQL: SELECT * FROM `hd_cate`  [ RunTime:0.000337s ]
SQL: SHOW COLUMNS FROM `hd_attr` [ RunTime:0.001375s ]
SQL: SELECT * FROM `hd_attr`  [ RunTime:0.000222s ]
INFO: [ view_parse ] --START--
INFO: ParseTemplate Behavior ::run [ RunTime:0.013660s ]
INFO: [ view_parse ] --END-- [ RunTime:0.013828s ]
INFO: [ view_filter ] --START--
INFO: ContentReplace Behavior ::run [ RunTime:0.000332s ]
INFO: TokenBuild Behavior ::run [ RunTime:0.000313s ]
INFO: WriteHtmlCache Behavior ::run [ RunTime:0.000182s ]
INFO: ShowRuntime Behavior ::run [ RunTime:0.000418s ]
INFO: [ view_filter ] --END-- [ RunTime:0.001459s ]
INFO: [ view_end ] --START--
INFO: ShowPageTrace Behavior ::run [ RunTime:0.000579s ]
INFO: [ view_end ] --END-- [ RunTime:0.000654s ]

[ 2014-12-11T00:47:14+08:00 ] 0.0.0.0 /blog/index.php/Admin/Blog/blog.html
INFO: [ route_check ] --START--
INFO: CheckRoute Behavior ::run [ RunTime:0.000815s ]
INFO: [ route_check ] --END-- [ RunTime:0.000927s ]
INFO: [ app_begin ] --START--
INFO: ReadHtmlCache Behavior ::run [ RunTime:0.000530s ]
INFO: [ app_begin ] --END-- [ RunTime:0.000609s ]
SQL: SHOW COLUMNS FROM `hd_cate` [ RunTime:0.003704s ]
SQL: SELECT * FROM `hd_cate`  [ RunTime:0.000174s ]
SQL: SHOW COLUMNS FROM `hd_attr` [ RunTime:0.000951s ]
SQL: SELECT * FROM `hd_attr`  [ RunTime:0.000107s ]
INFO: [ view_parse ] --START--
INFO: ParseTemplate Behavior ::run [ RunTime:0.014558s ]
INFO: [ view_parse ] --END-- [ RunTime:0.014701s ]
INFO: [ view_filter ] --START--
INFO: ContentReplace Behavior ::run [ RunTime:0.000489s ]
INFO: TokenBuild Behavior ::run [ RunTime:0.000508s ]
INFO: WriteHtmlCache Behavior ::run [ RunTime:0.000275s ]
INFO: ShowRuntime Behavior ::run [ RunTime:0.000566s ]
INFO: [ view_filter ] --END-- [ RunTime:0.002171s ]
INFO: [ view_end ] --START--
INFO: ShowPageTrace Behavior ::run [ RunTime:0.000810s ]
INFO: [ view_end ] --END-- [ RunTime:0.000923s ]

[ 2014-12-11T00:47:46+08:00 ] 0.0.0.0 /blog/index.php/Admin/Blog/blog.html
INFO: [ route_check ] --START--
INFO: CheckRoute Behavior ::run [ RunTime:0.001187s ]
INFO: [ route_check ] --END-- [ RunTime:0.001423s ]
INFO: [ app_begin ] --START--
INFO: ReadHtmlCache Behavior ::run [ RunTime:0.000564s ]
INFO: [ app_begin ] --END-- [ RunTime:0.000651s ]
SQL: SHOW COLUMNS FROM `hd_cate` [ RunTime:0.004961s ]
SQL: SELECT * FROM `hd_cate`  [ RunTime:0.000233s ]
SQL: SHOW COLUMNS FROM `hd_attr` [ RunTime:0.001205s ]
SQL: SELECT * FROM `hd_attr`  [ RunTime:0.000220s ]
INFO: [ view_parse ] --START--
INFO: ParseTemplate Behavior ::run [ RunTime:0.013606s ]
INFO: [ view_parse ] --END-- [ RunTime:0.013756s ]
INFO: [ view_filter ] --START--
INFO: ContentReplace Behavior ::run [ RunTime:0.000394s ]
INFO: TokenBuild Behavior ::run [ RunTime:0.000363s ]
INFO: WriteHtmlCache Behavior ::run [ RunTime:0.000200s ]
INFO: ShowRuntime Behavior ::run [ RunTime:0.000455s ]
INFO: [ view_filter ] --END-- [ RunTime:0.001665s ]
INFO: [ view_end ] --START--
INFO: ShowPageTrace Behavior ::run [ RunTime:0.000631s ]
INFO: [ view_end ] --END-- [ RunTime:0.000713s ]

[ 2014-12-11T00:49:13+08:00 ] 0.0.0.0 /blog/index.php/Admin/Blog/blog.html
INFO: [ route_check ] --START--
INFO: CheckRoute Behavior ::run [ RunTime:0.000942s ]
INFO: [ route_check ] --END-- [ RunTime:0.001124s ]
INFO: [ app_begin ] --START--
INFO: ReadHtmlCache Behavior ::run [ RunTime:0.000586s ]
INFO: [ app_begin ] --END-- [ RunTime:0.000689s ]
SQL: SHOW COLUMNS FROM `hd_cate` [ RunTime:0.004824s ]
SQL: SELECT * FROM `hd_cate`  [ RunTime:0.000297s ]
SQL: SHOW COLUMNS FROM `hd_attr` [ RunTime:0.001502s ]
SQL: SELECT * FROM `hd_attr`  [ RunTime:0.000257s ]
INFO: [ view_parse ] --START--
INFO: ParseTemplate Behavior ::run [ RunTime:0.013986s ]
INFO: [ view_parse ] --END-- [ RunTime:0.014132s ]
INFO: [ view_filter ] --START--
INFO: ContentReplace Behavior ::run [ RunTime:0.000311s ]
INFO: TokenBuild Behavior ::run [ RunTime:0.000306s ]
INFO: WriteHtmlCache Behavior ::run [ RunTime:0.000173s ]
INFO: ShowRuntime Behavior ::run [ RunTime:0.000409s ]
INFO: [ view_filter ] --END-- [ RunTime:0.001398s ]
INFO: [ view_end ] --START--
INFO: ShowPageTrace Behavior ::run [ RunTime:0.000567s ]
INFO: [ view_end ] --END-- [ RunTime:0.000640s ]

[ 2014-12-11T00:49:15+08:00 ] 0.0.0.0 /blog/index.php/Admin/Blog/blog.html
INFO: [ route_check ] --START--
INFO: CheckRoute Behavior ::run [ RunTime:0.000761s ]
INFO: [ route_check ] --END-- [ RunTime:0.000864s ]
INFO: [ app_begin ] --START--
INFO: ReadHtmlCache Behavior ::run [ RunTime:0.000538s ]
INFO: [ app_begin ] --END-- [ RunTime:0.000629s ]
SQL: SHOW COLUMNS FROM `hd_cate` [ RunTime:0.004216s ]
SQL: SELECT * FROM `hd_cate`  [ RunTime:0.000293s ]
SQL: SHOW COLUMNS FROM `hd_attr` [ RunTime:0.001402s ]
SQL: SELECT * FROM `hd_attr`  [ RunTime:0.000120s ]
INFO: [ view_parse ] --START--
INFO: ParseTemplate Behavior ::run [ RunTime:0.015373s ]
INFO: [ view_parse ] --END-- [ RunTime:0.015533s ]
INFO: [ view_filter ] --START--
INFO: ContentReplace Behavior ::run [ RunTime:0.000457s ]
INFO: TokenBuild Behavior ::run [ RunTime:0.000328s ]
INFO: WriteHtmlCache Behavior ::run [ RunTime:0.000184s ]
INFO: ShowRuntime Behavior ::run [ RunTime:0.000428s ]
INFO: [ view_filter ] --END-- [ RunTime:0.001622s ]
INFO: [ view_end ] --START--
INFO: ShowPageTrace Behavior ::run [ RunTime:0.000559s ]
INFO: [ view_end ] --END-- [ RunTime:0.000629s ]

[ 2014-12-11T22:24:38+08:00 ] 0.0.0.0 /blog/index.php/Admin/Blog/blog.html
INFO: [ route_check ] --START--
INFO: CheckRoute Behavior ::run [ RunTime:0.000744s ]
INFO: [ route_check ] --END-- [ RunTime:0.000844s ]
INFO: [ app_begin ] --START--
INFO: ReadHtmlCache Behavior ::run [ RunTime:0.000474s ]
INFO: [ app_begin ] --END-- [ RunTime:0.000547s ]
SQL: SHOW COLUMNS FROM `hd_cate` [ RunTime:0.003874s ]
SQL: SELECT * FROM `hd_cate`  [ RunTime:0.000290s ]
SQL: SHOW COLUMNS FROM `hd_attr` [ RunTime:0.001225s ]
SQL: SELECT * FROM `hd_attr`  [ RunTime:0.000236s ]
INFO: [ view_parse ] --START--
INFO: ParseTemplate Behavior ::run [ RunTime:0.010808s ]
INFO: [ view_parse ] --END-- [ RunTime:0.010943s ]
INFO: [ view_filter ] --START--
INFO: ContentReplace Behavior ::run [ RunTime:0.000310s ]
INFO: TokenBuild Behavior ::run [ RunTime:0.000330s ]
INFO: WriteHtmlCache Behavior ::run [ RunTime:0.000214s ]
INFO: ShowRuntime Behavior ::run [ RunTime:0.000489s ]
INFO: [ view_filter ] --END-- [ RunTime:0.001578s ]
INFO: [ view_end ] --START--
INFO: ShowPageTrace Behavior ::run [ RunTime:0.000800s ]
INFO: [ view_end ] --END-- [ RunTime:0.000898s ]

[ 2014-12-11T22:24:44+08:00 ] 0.0.0.0 /blog/index.php/Admin/
INFO: [ route_check ] --START--
INFO: CheckRoute Behavior ::run [ RunTime:0.000827s ]
INFO: [ route_check ] --END-- [ RunTime:0.000940s ]
INFO: [ app_begin ] --START--
INFO: ReadHtmlCache Behavior ::run [ RunTime:0.000589s ]
INFO: [ app_begin ] --END-- [ RunTime:0.000690s ]
INFO: [ view_parse ] --START--
INFO: ParseTemplate Behavior ::run [ RunTime:0.013957s ]
INFO: [ view_parse ] --END-- [ RunTime:0.014092s ]
INFO: [ view_filter ] --START--
INFO: ContentReplace Behavior ::run [ RunTime:0.000447s ]
INFO: TokenBuild Behavior ::run [ RunTime:0.000497s ]
INFO: WriteHtmlCache Behavior ::run [ RunTime:0.000296s ]
INFO: ShowRuntime Behavior ::run [ RunTime:0.000571s ]
INFO: [ view_filter ] --END-- [ RunTime:0.002109s ]
INFO: [ view_end ] --START--
INFO: ShowPageTrace Behavior ::run [ RunTime:0.000585s ]
INFO: [ view_end ] --END-- [ RunTime:0.000658s ]

[ 2014-12-11T22:24:46+08:00 ] 0.0.0.0 /blog/index.php/Admin/Blog/blog.html
INFO: [ route_check ] --START--
INFO: CheckRoute Behavior ::run [ RunTime:0.000759s ]
INFO: [ route_check ] --END-- [ RunTime:0.000865s ]
INFO: [ app_begin ] --START--
INFO: ReadHtmlCache Behavior ::run [ RunTime:0.000462s ]
INFO: [ app_begin ] --END-- [ RunTime:0.000534s ]
SQL: SHOW COLUMNS FROM `hd_cate` [ RunTime:0.002936s ]
SQL: SELECT * FROM `hd_cate`  [ RunTime:0.000268s ]
SQL: SHOW COLUMNS FROM `hd_attr` [ RunTime:0.001403s ]
SQL: SELECT * FROM `hd_attr`  [ RunTime:0.000118s ]
INFO: [ view_parse ] --START--
INFO: ParseTemplate Behavior ::run [ RunTime:0.010207s ]
INFO: [ view_parse ] --END-- [ RunTime:0.010302s ]
INFO: [ view_filter ] --START--
INFO: ContentReplace Behavior ::run [ RunTime:0.000296s ]
INFO: TokenBuild Behavior ::run [ RunTime:0.000303s ]
INFO: WriteHtmlCache Behavior ::run [ RunTime:0.000172s ]
INFO: ShowRuntime Behavior ::run [ RunTime:0.000401s ]
INFO: [ view_filter ] --END-- [ RunTime:0.001376s ]
INFO: [ view_end ] --START--
INFO: ShowPageTrace Behavior ::run [ RunTime:0.000551s ]
INFO: [ view_end ] --END-- [ RunTime:0.000622s ]

[ 2014-12-11T22:26:11+08:00 ] 0.0.0.0 /blog/index.php/Admin/Blog/blog.html
INFO: [ route_check ] --START--
INFO: CheckRoute Behavior ::run [ RunTime:0.000780s ]
INFO: [ route_check ] --END-- [ RunTime:0.000887s ]
INFO: [ app_begin ] --START--
INFO: ReadHtmlCache Behavior ::run [ RunTime:0.000519s ]
INFO: [ app_begin ] --END-- [ RunTime:0.000596s ]
SQL: SHOW COLUMNS FROM `hd_cate` [ RunTime:0.004443s ]
SQL: SELECT * FROM `hd_cate`  [ RunTime:0.000282s ]
SQL: SHOW COLUMNS FROM `hd_attr` [ RunTime:0.001407s ]
SQL: SELECT * FROM `hd_attr`  [ RunTime:0.000235s ]
INFO: [ view_parse ] --START--
INFO: ParseTemplate Behavior ::run [ RunTime:0.010323s ]
INFO: [ view_parse ] --END-- [ RunTime:0.010442s ]
INFO: [ view_filter ] --START--
INFO: ContentReplace Behavior ::run [ RunTime:0.000282s ]
INFO: TokenBuild Behavior ::run [ RunTime:0.000301s ]
INFO: WriteHtmlCache Behavior ::run [ RunTime:0.000175s ]
INFO: ShowRuntime Behavior ::run [ RunTime:0.000396s ]
INFO: [ view_filter ] --END-- [ RunTime:0.001355s ]
INFO: [ view_end ] --START--
INFO: ShowPageTrace Behavior ::run [ RunTime:0.000555s ]
INFO: [ view_end ] --END-- [ RunTime:0.000627s ]

[ 2014-12-11T22:26:12+08:00 ] 0.0.0.0 /blog/index.php/Admin/Blog/blog.html
INFO: [ route_check ] --START--
INFO: CheckRoute Behavior ::run [ RunTime:0.000817s ]
INFO: [ route_check ] --END-- [ RunTime:0.000923s ]
INFO: [ app_begin ] --START--
INFO: ReadHtmlCache Behavior ::run [ RunTime:0.000465s ]
INFO: [ app_begin ] --END-- [ RunTime:0.000538s ]
SQL: SHOW COLUMNS FROM `hd_cate` [ RunTime:0.001516s ]
SQL: SELECT * FROM `hd_cate`  [ RunTime:0.000149s ]
SQL: SHOW COLUMNS FROM `hd_attr` [ RunTime:0.000850s ]
SQL: SELECT * FROM `hd_attr`  [ RunTime:0.000113s ]
INFO: [ view_parse ] --START--
INFO: ParseTemplate Behavior ::run [ RunTime:0.010612s ]
INFO: [ view_parse ] --END-- [ RunTime:0.010713s ]
INFO: [ view_filter ] --START--
INFO: ContentReplace Behavior ::run [ RunTime:0.000296s ]
INFO: TokenBuild Behavior ::run [ RunTime:0.000299s ]
INFO: WriteHtmlCache Behavior ::run [ RunTime:0.000172s ]
INFO: ShowRuntime Behavior ::run [ RunTime:0.000388s ]
INFO: [ view_filter ] --END-- [ RunTime:0.001350s ]
INFO: [ view_end ] --START--
INFO: ShowPageTrace Behavior ::run [ RunTime:0.000540s ]
INFO: [ view_end ] --END-- [ RunTime:0.000607s ]

[ 2014-12-11T22:26:14+08:00 ] 0.0.0.0 /blog/index.php/Admin/
INFO: [ route_check ] --START--
INFO: CheckRoute Behavior ::run [ RunTime:0.000828s ]
INFO: [ route_check ] --END-- [ RunTime:0.000937s ]
INFO: [ app_begin ] --START--
INFO: ReadHtmlCache Behavior ::run [ RunTime:0.000528s ]
INFO: [ app_begin ] --END-- [ RunTime:0.000608s ]
INFO: [ view_parse ] --START--
INFO: ParseTemplate Behavior ::run [ RunTime:0.009716s ]
INFO: [ view_parse ] --END-- [ RunTime:0.009833s ]
INFO: [ view_filter ] --START--
INFO: ContentReplace Behavior ::run [ RunTime:0.000359s ]
INFO: TokenBuild Behavior ::run [ RunTime:0.000628s ]
INFO: WriteHtmlCache Behavior ::run [ RunTime:0.000353s ]
INFO: ShowRuntime Behavior ::run [ RunTime:0.000791s ]
INFO: [ view_filter ] --END-- [ RunTime:0.002489s ]
INFO: [ view_end ] --START--
INFO: ShowPageTrace Behavior ::run [ RunTime:0.001120s ]
INFO: [ view_end ] --END-- [ RunTime:0.001222s ]

[ 2014-12-11T22:26:15+08:00 ] 0.0.0.0 /blog/index.php/Admin/Blog/blog.html
INFO: [ route_check ] --START--
INFO: CheckRoute Behavior ::run [ RunTime:0.000796s ]
INFO: [ route_check ] --END-- [ RunTime:0.000919s ]
INFO: [ app_begin ] --START--
INFO: ReadHtmlCache Behavior ::run [ RunTime:0.000696s ]
INFO: [ app_begin ] --END-- [ RunTime:0.000804s ]
SQL: SHOW COLUMNS FROM `hd_cate` [ RunTime:0.003006s ]
SQL: SELECT * FROM `hd_cate`  [ RunTime:0.000400s ]
SQL: SHOW COLUMNS FROM `hd_attr` [ RunTime:0.001138s ]
SQL: SELECT * FROM `hd_attr`  [ RunTime:0.000294s ]
INFO: [ view_parse ] --START--
INFO: ParseTemplate Behavior ::run [ RunTime:0.010686s ]
INFO: [ view_parse ] --END-- [ RunTime:0.010799s ]
INFO: [ view_filter ] --START--
INFO: ContentReplace Behavior ::run [ RunTime:0.000320s ]
INFO: TokenBuild Behavior ::run [ RunTime:0.000331s ]
INFO: WriteHtmlCache Behavior ::run [ RunTime:0.000190s ]
INFO: ShowRuntime Behavior ::run [ RunTime:0.000426s ]
INFO: [ view_filter ] --END-- [ RunTime:0.001484s ]
INFO: [ view_end ] --START--
INFO: ShowPageTrace Behavior ::run [ RunTime:0.000535s ]
INFO: [ view_end ] --END-- [ RunTime:0.000601s ]

[ 2014-12-11T22:28:17+08:00 ] 0.0.0.0 /blog/index.php/Admin/
INFO: [ route_check ] --START--
INFO: CheckRoute Behavior ::run [ RunTime:0.001334s ]
INFO: [ route_check ] --END-- [ RunTime:0.001622s ]
INFO: [ app_begin ] --START--
INFO: ReadHtmlCache Behavior ::run [ RunTime:0.000864s ]
INFO: [ app_begin ] --END-- [ RunTime:0.000998s ]
INFO: [ view_parse ] --START--
INFO: ParseTemplate Behavior ::run [ RunTime:0.011350s ]
INFO: [ view_parse ] --END-- [ RunTime:0.011482s ]
INFO: [ view_filter ] --START--
INFO: ContentReplace Behavior ::run [ RunTime:0.000368s ]
INFO: TokenBuild Behavior ::run [ RunTime:0.000350s ]
INFO: WriteHtmlCache Behavior ::run [ RunTime:0.000200s ]
INFO: ShowRuntime Behavior ::run [ RunTime:0.000464s ]
INFO: [ view_filter ] --END-- [ RunTime:0.001603s ]
INFO: [ view_end ] --START--
INFO: ShowPageTrace Behavior ::run [ RunTime:0.000626s ]
INFO: [ view_end ] --END-- [ RunTime:0.000701s ]

[ 2014-12-11T22:28:18+08:00 ] 0.0.0.0 /blog/index.php/Admin/Blog/blog.html
INFO: [ route_check ] --START--
INFO: CheckRoute Behavior ::run [ RunTime:0.000832s ]
INFO: [ route_check ] --END-- [ RunTime:0.000946s ]
INFO: [ app_begin ] --START--
INFO: ReadHtmlCache Behavior ::run [ RunTime:0.000470s ]
INFO: [ app_begin ] --END-- [ RunTime:0.000542s ]
SQL: SHOW COLUMNS FROM `hd_cate` [ RunTime:0.003159s ]
SQL: SELECT * FROM `hd_cate`  [ RunTime:0.000150s ]
SQL: SHOW COLUMNS FROM `hd_attr` [ RunTime:0.000976s ]
SQL: SELECT * FROM `hd_attr`  [ RunTime:0.000108s ]
INFO: [ view_parse ] --START--
INFO: ParseTemplate Behavior ::run [ RunTime:0.016007s ]
INFO: [ view_parse ] --END-- [ RunTime:0.016185s ]
INFO: [ view_filter ] --START--
INFO: ContentReplace Behavior ::run [ RunTime:0.000499s ]
INFO: TokenBuild Behavior ::run [ RunTime:0.000470s ]
INFO: WriteHtmlCache Behavior ::run [ RunTime:0.000249s ]
INFO: ShowRuntime Behavior ::run [ RunTime:0.000596s ]
INFO: [ view_filter ] --END-- [ RunTime:0.002127s ]
INFO: [ view_end ] --START--
INFO: ShowPageTrace Behavior ::run [ RunTime:0.000953s ]
INFO: [ view_end ] --END-- [ RunTime:0.001054s ]

[ 2014-12-11T22:28:38+08:00 ] 0.0.0.0 /blog/index.php/Admin/
INFO: [ route_check ] --START--
INFO: CheckRoute Behavior ::run [ RunTime:0.001107s ]
INFO: [ route_check ] --END-- [ RunTime:0.001233s ]
INFO: [ app_begin ] --START--
INFO: ReadHtmlCache Behavior ::run [ RunTime:0.000802s ]
INFO: [ app_begin ] --END-- [ RunTime:0.000892s ]

[ 2014-12-11T22:28:38+08:00 ] 0.0.0.0 /blog/index.php/Admin/Login/index.html
INFO: [ route_check ] --START--
INFO: CheckRoute Behavior ::run [ RunTime:0.000754s ]
INFO: [ route_check ] --END-- [ RunTime:0.000857s ]
INFO: [ app_begin ] --START--
INFO: ReadHtmlCache Behavior ::run [ RunTime:0.000482s ]
INFO: [ app_begin ] --END-- [ RunTime:0.000556s ]
INFO: [ view_parse ] --START--
NOTIC: [8] Undefined variable: user /Applications/MAMP/htdocs/blog/APP/Runtime/Cache/Admin/e12b7895fb88849814b805949664dd75.php 第 50 行.
INFO: ParseTemplate Behavior ::run [ RunTime:0.012227s ]
INFO: [ view_parse ] --END-- [ RunTime:0.012320s ]
INFO: [ view_filter ] --START--
INFO: ContentReplace Behavior ::run [ RunTime:0.000611s ]
INFO: TokenBuild Behavior ::run [ RunTime:0.000510s ]
INFO: WriteHtmlCache Behavior ::run [ RunTime:0.000437s ]
INFO: ShowRuntime Behavior ::run [ RunTime:0.000603s ]
INFO: [ view_filter ] --END-- [ RunTime:0.002364s ]
INFO: [ view_end ] --START--
INFO: ShowPageTrace Behavior ::run [ RunTime:0.000784s ]
INFO: [ view_end ] --END-- [ RunTime:0.000855s ]

[ 2014-12-11T22:28:38+08:00 ] 0.0.0.0 /blog/index.php/Admin/Login/verify
INFO: [ route_check ] --START--
INFO: CheckRoute Behavior ::run [ RunTime:0.000808s ]
INFO: [ route_check ] --END-- [ RunTime:0.000919s ]
INFO: [ app_begin ] --START--
INFO: ReadHtmlCache Behavior ::run [ RunTime:0.000514s ]
INFO: [ app_begin ] --END-- [ RunTime:0.000594s ]

[ 2014-12-11T22:28:44+08:00 ] 0.0.0.0 /blog/index.php/Admin/Login/login.html
INFO: [ route_check ] --START--
INFO: CheckRoute Behavior ::run [ RunTime:0.000868s ]
INFO: [ route_check ] --END-- [ RunTime:0.001001s ]
INFO: [ app_begin ] --START--
INFO: ReadHtmlCache Behavior ::run [ RunTime:0.000537s ]
INFO: [ app_begin ] --END-- [ RunTime:0.000625s ]
SQL: SHOW COLUMNS FROM `hd_user` [ RunTime:0.001138s ]
SQL: SELECT * FROM `hd_user` WHERE ( `username` = 'admin' ) LIMIT 1   [ RunTime:0.000311s ]
SQL: UPDATE `hd_user` SET `logintime`=1418308124,`loginip`='0.0.0.0' WHERE ( `id` = 1 ) [ RunTime:0.000865s ]

[ 2014-12-11T22:28:44+08:00 ] 0.0.0.0 /blog/index.php/Admin
INFO: [ route_check ] --START--
INFO: CheckRoute Behavior ::run [ RunTime:0.000942s ]
INFO: [ route_check ] --END-- [ RunTime:0.001060s ]
INFO: [ app_begin ] --START--
INFO: ReadHtmlCache Behavior ::run [ RunTime:0.000561s ]
INFO: [ app_begin ] --END-- [ RunTime:0.000646s ]
INFO: [ view_parse ] --START--
INFO: ParseTemplate Behavior ::run [ RunTime:0.009673s ]
INFO: [ view_parse ] --END-- [ RunTime:0.009771s ]
INFO: [ view_filter ] --START--
INFO: ContentReplace Behavior ::run [ RunTime:0.000282s ]
INFO: TokenBuild Behavior ::run [ RunTime:0.000310s ]
INFO: WriteHtmlCache Behavior ::run [ RunTime:0.000171s ]
INFO: ShowRuntime Behavior ::run [ RunTime:0.000383s ]
INFO: [ view_filter ] --END-- [ RunTime:0.001348s ]
INFO: [ view_end ] --START--
INFO: ShowPageTrace Behavior ::run [ RunTime:0.000563s ]
INFO: [ view_end ] --END-- [ RunTime:0.000631s ]

[ 2014-12-11T22:28:44+08:00 ] 0.0.0.0 /blog/index.php/Admin
INFO: [ route_check ] --START--
INFO: CheckRoute Behavior ::run [ RunTime:0.001087s ]
INFO: [ route_check ] --END-- [ RunTime:0.001243s ]
INFO: [ app_begin ] --START--
INFO: ReadHtmlCache Behavior ::run [ RunTime:0.000655s ]
INFO: [ app_begin ] --END-- [ RunTime:0.000746s ]
INFO: [ view_parse ] --START--
INFO: ParseTemplate Behavior ::run [ RunTime:0.011345s ]
INFO: [ view_parse ] --END-- [ RunTime:0.011474s ]
INFO: [ view_filter ] --START--
INFO: ContentReplace Behavior ::run [ RunTime:0.000415s ]
INFO: TokenBuild Behavior ::run [ RunTime:0.000349s ]
INFO: WriteHtmlCache Behavior ::run [ RunTime:0.000198s ]
INFO: ShowRuntime Behavior ::run [ RunTime:0.000432s ]
INFO: [ view_filter ] --END-- [ RunTime:0.001618s ]
INFO: [ view_end ] --START--
INFO: ShowPageTrace Behavior ::run [ RunTime:0.000744s ]
INFO: [ view_end ] --END-- [ RunTime:0.000831s ]

[ 2014-12-11T22:28:45+08:00 ] 0.0.0.0 /blog/index.php/Admin/Blog/blog.html
INFO: [ route_check ] --START--
INFO: CheckRoute Behavior ::run [ RunTime:0.000959s ]
INFO: [ route_check ] --END-- [ RunTime:0.001073s ]
INFO: [ app_begin ] --START--
INFO: ReadHtmlCache Behavior ::run [ RunTime:0.000525s ]
INFO: [ app_begin ] --END-- [ RunTime:0.000606s ]
SQL: SHOW COLUMNS FROM `hd_cate` [ RunTime:0.001057s ]
SQL: SELECT * FROM `hd_cate`  [ RunTime:0.000178s ]
SQL: SHOW COLUMNS FROM `hd_attr` [ RunTime:0.001159s ]
SQL: SELECT * FROM `hd_attr`  [ RunTime:0.000147s ]
INFO: [ view_parse ] --START--
INFO: ParseTemplate Behavior ::run [ RunTime:0.014157s ]
INFO: [ view_parse ] --END-- [ RunTime:0.014303s ]
INFO: [ view_filter ] --START--
INFO: ContentReplace Behavior ::run [ RunTime:0.000358s ]
INFO: TokenBuild Behavior ::run [ RunTime:0.000345s ]
INFO: WriteHtmlCache Behavior ::run [ RunTime:0.000357s ]
INFO: ShowRuntime Behavior ::run [ RunTime:0.000491s ]
INFO: [ view_filter ] --END-- [ RunTime:0.001838s ]
INFO: [ view_end ] --START--
INFO: ShowPageTrace Behavior ::run [ RunTime:0.000643s ]
INFO: [ view_end ] --END-- [ RunTime:0.000727s ]

[ 2014-12-11T22:31:29+08:00 ] 0.0.0.0 /blog/index.php/Admin/Blog/blog.html
INFO: [ route_check ] --START--
INFO: CheckRoute Behavior ::run [ RunTime:0.001141s ]
INFO: [ route_check ] --END-- [ RunTime:0.001256s ]
INFO: [ app_begin ] --START--
INFO: ReadHtmlCache Behavior ::run [ RunTime:0.000881s ]
INFO: [ app_begin ] --END-- [ RunTime:0.000968s ]
SQL: SHOW COLUMNS FROM `hd_cate` [ RunTime:0.000951s ]
SQL: SELECT * FROM `hd_cate`  [ RunTime:0.000139s ]
SQL: SHOW COLUMNS FROM `hd_attr` [ RunTime:0.000758s ]
SQL: SELECT * FROM `hd_attr`  [ RunTime:0.000106s ]
INFO: [ view_parse ] --START--
INFO: ParseTemplate Behavior ::run [ RunTime:0.011639s ]
INFO: [ view_parse ] --END-- [ RunTime:0.011738s ]
INFO: [ view_filter ] --START--
INFO: ContentReplace Behavior ::run [ RunTime:0.000653s ]
INFO: TokenBuild Behavior ::run [ RunTime:0.000698s ]
INFO: WriteHtmlCache Behavior ::run [ RunTime:0.000527s ]
INFO: ShowRuntime Behavior ::run [ RunTime:0.000613s ]
INFO: [ view_filter ] --END-- [ RunTime:0.002712s ]
INFO: [ view_end ] --START--
INFO: ShowPageTrace Behavior ::run [ RunTime:0.000934s ]
INFO: [ view_end ] --END-- [ RunTime:0.001011s ]

[ 2014-12-11T22:31:39+08:00 ] 0.0.0.0 /blog/index.php/Admin/Blog/blog.html
INFO: [ route_check ] --START--
INFO: CheckRoute Behavior ::run [ RunTime:0.000731s ]
INFO: [ route_check ] --END-- [ RunTime:0.000827s ]
INFO: [ app_begin ] --START--
INFO: ReadHtmlCache Behavior ::run [ RunTime:0.000777s ]
INFO: [ app_begin ] --END-- [ RunTime:0.000924s ]
SQL: SHOW COLUMNS FROM `hd_cate` [ RunTime:0.001379s ]
SQL: SELECT * FROM `hd_cate`  [ RunTime:0.000332s ]
SQL: SHOW COLUMNS FROM `hd_attr` [ RunTime:0.001329s ]
SQL: SELECT * FROM `hd_attr`  [ RunTime:0.000231s ]
INFO: [ view_parse ] --START--
INFO: ParseTemplate Behavior ::run [ RunTime:0.012364s ]
INFO: [ view_parse ] --END-- [ RunTime:0.012490s ]
INFO: [ view_filter ] --START--
INFO: ContentReplace Behavior ::run [ RunTime:0.000281s ]
INFO: TokenBuild Behavior ::run [ RunTime:0.000304s ]
INFO: WriteHtmlCache Behavior ::run [ RunTime:0.000175s ]
INFO: ShowRuntime Behavior ::run [ RunTime:0.000388s ]
INFO: [ view_filter ] --END-- [ RunTime:0.001344s ]
INFO: [ view_end ] --START--
INFO: ShowPageTrace Behavior ::run [ RunTime:0.000539s ]
INFO: [ view_end ] --END-- [ RunTime:0.000606s ]

[ 2014-12-11T22:35:00+08:00 ] 0.0.0.0 /blog/index.php/Admin/Blog/blog.html
INFO: [ route_check ] --START--
INFO: CheckRoute Behavior ::run [ RunTime:0.001080s ]
INFO: [ route_check ] --END-- [ RunTime:0.001184s ]
INFO: [ app_begin ] --START--
INFO: ReadHtmlCache Behavior ::run [ RunTime:0.000865s ]
INFO: [ app_begin ] --END-- [ RunTime:0.000959s ]
SQL: SHOW COLUMNS FROM `hd_cate` [ RunTime:0.001024s ]
SQL: SELECT * FROM `hd_cate`  [ RunTime:0.000140s ]
SQL: SHOW COLUMNS FROM `hd_attr` [ RunTime:0.000861s ]
SQL: SELECT * FROM `hd_attr`  [ RunTime:0.000119s ]
INFO: [ view_parse ] --START--
INFO: ParseTemplate Behavior ::run [ RunTime:0.012208s ]
INFO: [ view_parse ] --END-- [ RunTime:0.012317s ]
INFO: [ view_filter ] --START--
INFO: ContentReplace Behavior ::run [ RunTime:0.000664s ]
INFO: TokenBuild Behavior ::run [ RunTime:0.000669s ]
INFO: WriteHtmlCache Behavior ::run [ RunTime:0.000537s ]
INFO: ShowRuntime Behavior ::run [ RunTime:0.000637s ]
INFO: [ view_filter ] --END-- [ RunTime:0.002725s ]
INFO: [ view_end ] --START--
INFO: ShowPageTrace Behavior ::run [ RunTime:0.000796s ]
INFO: [ view_end ] --END-- [ RunTime:0.000868s ]

[ 2014-12-11T22:36:04+08:00 ] 0.0.0.0 /blog/index.php/Admin/Blog/blog.html
INFO: [ route_check ] --START--
INFO: CheckRoute Behavior ::run [ RunTime:0.000817s ]
INFO: [ route_check ] --END-- [ RunTime:0.000941s ]
INFO: [ app_begin ] --START--
INFO: ReadHtmlCache Behavior ::run [ RunTime:0.000514s ]
INFO: [ app_begin ] --END-- [ RunTime:0.000594s ]
SQL: SHOW COLUMNS FROM `hd_cate` [ RunTime:0.001703s ]
SQL: SELECT * FROM `hd_cate`  [ RunTime:0.000266s ]
SQL: SHOW COLUMNS FROM `hd_attr` [ RunTime:0.001413s ]
SQL: SELECT * FROM `hd_attr`  [ RunTime:0.000183s ]
INFO: [ view_parse ] --START--
INFO: ParseTemplate Behavior ::run [ RunTime:0.012722s ]
INFO: [ view_parse ] --END-- [ RunTime:0.012871s ]
INFO: [ view_filter ] --START--
INFO: ContentReplace Behavior ::run [ RunTime:0.000318s ]
INFO: TokenBuild Behavior ::run [ RunTime:0.000312s ]
INFO: WriteHtmlCache Behavior ::run [ RunTime:0.000183s ]
INFO: ShowRuntime Behavior ::run [ RunTime:0.000421s ]
INFO: [ view_filter ] --END-- [ RunTime:0.001443s ]
INFO: [ view_end ] --START--
INFO: ShowPageTrace Behavior ::run [ RunTime:0.000608s ]
INFO: [ view_end ] --END-- [ RunTime:0.000683s ]

[ 2014-12-11T22:37:33+08:00 ] 0.0.0.0 /blog/index.php/Admin/Blog/blog.html
INFO: [ route_check ] --START--
INFO: CheckRoute Behavior ::run [ RunTime:0.000848s ]
INFO: [ route_check ] --END-- [ RunTime:0.000946s ]
INFO: [ app_begin ] --START--
INFO: ReadHtmlCache Behavior ::run [ RunTime:0.000490s ]
INFO: [ app_begin ] --END-- [ RunTime:0.000564s ]
SQL: SHOW COLUMNS FROM `hd_cate` [ RunTime:0.003914s ]
SQL: SELECT * FROM `hd_cate`  [ RunTime:0.000276s ]
SQL: SHOW COLUMNS FROM `hd_attr` [ RunTime:0.001333s ]
SQL: SELECT * FROM `hd_attr`  [ RunTime:0.000194s ]
INFO: [ view_parse ] --START--
INFO: ParseTemplate Behavior ::run [ RunTime:0.011581s ]
INFO: [ view_parse ] --END-- [ RunTime:0.011707s ]
INFO: [ view_filter ] --START--
INFO: ContentReplace Behavior ::run [ RunTime:0.000350s ]
INFO: TokenBuild Behavior ::run [ RunTime:0.000319s ]
INFO: WriteHtmlCache Behavior ::run [ RunTime:0.000189s ]
INFO: ShowRuntime Behavior ::run [ RunTime:0.000408s ]
INFO: [ view_filter ] --END-- [ RunTime:0.001467s ]
INFO: [ view_end ] --START--
INFO: ShowPageTrace Behavior ::run [ RunTime:0.000562s ]
INFO: [ view_end ] --END-- [ RunTime:0.000632s ]

[ 2014-12-11T22:38:00+08:00 ] 0.0.0.0 /blog/index.php/Admin/Blog/blog.html
INFO: [ route_check ] --START--
INFO: CheckRoute Behavior ::run [ RunTime:0.001000s ]
INFO: [ route_check ] --END-- [ RunTime:0.001165s ]
INFO: [ app_begin ] --START--
INFO: ReadHtmlCache Behavior ::run [ RunTime:0.000594s ]
INFO: [ app_begin ] --END-- [ RunTime:0.000688s ]
SQL: SHOW COLUMNS FROM `hd_cate` [ RunTime:0.048176s ]
SQL: SELECT * FROM `hd_cate`  [ RunTime:0.000210s ]
SQL: SHOW COLUMNS FROM `hd_attr` [ RunTime:0.041330s ]
SQL: SELECT * FROM `hd_attr`  [ RunTime:0.000422s ]
INFO: [ view_parse ] --START--
INFO: ParseTemplate Behavior ::run [ RunTime:0.014724s ]
INFO: [ view_parse ] --END-- [ RunTime:0.014963s ]
INFO: [ view_filter ] --START--
INFO: ContentReplace Behavior ::run [ RunTime:0.000341s ]
INFO: TokenBuild Behavior ::run [ RunTime:0.000316s ]
INFO: WriteHtmlCache Behavior ::run [ RunTime:0.000193s ]
INFO: ShowRuntime Behavior ::run [ RunTime:0.000438s ]
INFO: [ view_filter ] --END-- [ RunTime:0.001499s ]
INFO: [ view_end ] --START--
INFO: ShowPageTrace Behavior ::run [ RunTime:0.000590s ]
INFO: [ view_end ] --END-- [ RunTime:0.000665s ]

[ 2014-12-11T22:40:15+08:00 ] 0.0.0.0 /blog/index.php/Admin/Blog/blog.html
INFO: [ route_check ] --START--
INFO: CheckRoute Behavior ::run [ RunTime:0.000864s ]
INFO: [ route_check ] --END-- [ RunTime:0.001065s ]
INFO: [ app_begin ] --START--
INFO: ReadHtmlCache Behavior ::run [ RunTime:0.000508s ]
INFO: [ app_begin ] --END-- [ RunTime:0.000587s ]
SQL: SHOW COLUMNS FROM `hd_cate` [ RunTime:0.040949s ]
SQL: SELECT * FROM `hd_cate`  [ RunTime:0.000211s ]
SQL: SHOW COLUMNS FROM `hd_attr` [ RunTime:0.032120s ]
SQL: SELECT * FROM `hd_attr`  [ RunTime:0.000371s ]
INFO: [ view_parse ] --START--
INFO: ParseTemplate Behavior ::run [ RunTime:0.014143s ]
INFO: [ view_parse ] --END-- [ RunTime:0.014303s ]
INFO: [ view_filter ] --START--
INFO: ContentReplace Behavior ::run [ RunTime:0.000305s ]
INFO: TokenBuild Behavior ::run [ RunTime:0.000302s ]
INFO: WriteHtmlCache Behavior ::run [ RunTime:0.000177s ]
INFO: ShowRuntime Behavior ::run [ RunTime:0.000447s ]
INFO: [ view_filter ] --END-- [ RunTime:0.001435s ]
INFO: [ view_end ] --START--
INFO: ShowPageTrace Behavior ::run [ RunTime:0.000557s ]
INFO: [ view_end ] --END-- [ RunTime:0.000628s ]

[ 2014-12-11T22:40:32+08:00 ] 0.0.0.0 /blog/index.php/Admin/Blog/blog.html
INFO: [ route_check ] --START--
INFO: CheckRoute Behavior ::run [ RunTime:0.000732s ]
INFO: [ route_check ] --END-- [ RunTime:0.000826s ]
INFO: [ app_begin ] --START--
INFO: ReadHtmlCache Behavior ::run [ RunTime:0.000461s ]
INFO: [ app_begin ] --END-- [ RunTime:0.000534s ]
SQL: SHOW COLUMNS FROM `hd_cate` [ RunTime:0.003378s ]
SQL: SELECT * FROM `hd_cate`  [ RunTime:0.000140s ]
SQL: SHOW COLUMNS FROM `hd_attr` [ RunTime:0.000846s ]
SQL: SELECT * FROM `hd_attr`  [ RunTime:0.000106s ]
INFO: [ view_parse ] --START--
INFO: ParseTemplate Behavior ::run [ RunTime:0.010428s ]
INFO: [ view_parse ] --END-- [ RunTime:0.010534s ]
INFO: [ view_filter ] --START--
INFO: ContentReplace Behavior ::run [ RunTime:0.000330s ]
INFO: TokenBuild Behavior ::run [ RunTime:0.000346s ]
INFO: WriteHtmlCache Behavior ::run [ RunTime:0.000175s ]
INFO: ShowRuntime Behavior ::run [ RunTime:0.000389s ]
INFO: [ view_filter ] --END-- [ RunTime:0.001455s ]
INFO: [ view_end ] --START--
INFO: ShowPageTrace Behavior ::run [ RunTime:0.000563s ]
INFO: [ view_end ] --END-- [ RunTime:0.000633s ]

[ 2014-12-11T22:40:54+08:00 ] 0.0.0.0 /blog/index.php/Admin/Blog/blog.html
INFO: [ route_check ] --START--
INFO: CheckRoute Behavior ::run [ RunTime:0.000737s ]
INFO: [ route_check ] --END-- [ RunTime:0.000835s ]
INFO: [ app_begin ] --START--
INFO: ReadHtmlCache Behavior ::run [ RunTime:0.000467s ]
INFO: [ app_begin ] --END-- [ RunTime:0.000539s ]
SQL: SHOW COLUMNS FROM `hd_cate` [ RunTime:0.003560s ]
SQL: SELECT * FROM `hd_cate`  [ RunTime:0.000146s ]
SQL: SHOW COLUMNS FROM `hd_attr` [ RunTime:0.001069s ]
SQL: SELECT * FROM `hd_attr`  [ RunTime:0.000108s ]
INFO: [ view_parse ] --START--
INFO: ParseTemplate Behavior ::run [ RunTime:0.014335s ]
INFO: [ view_parse ] --END-- [ RunTime:0.014465s ]
INFO: [ view_filter ] --START--
INFO: ContentReplace Behavior ::run [ RunTime:0.000496s ]
INFO: TokenBuild Behavior ::run [ RunTime:0.000440s ]
INFO: WriteHtmlCache Behavior ::run [ RunTime:0.000252s ]
INFO: ShowRuntime Behavior ::run [ RunTime:0.000565s ]
INFO: [ view_filter ] --END-- [ RunTime:0.002040s ]
INFO: [ view_end ] --START--
INFO: ShowPageTrace Behavior ::run [ RunTime:0.000797s ]
INFO: [ view_end ] --END-- [ RunTime:0.000887s ]

[ 2014-12-11T22:41:08+08:00 ] 0.0.0.0 /blog/index.php/Admin/Blog/blog.html
INFO: [ route_check ] --START--
INFO: CheckRoute Behavior ::run [ RunTime:0.000779s ]
INFO: [ route_check ] --END-- [ RunTime:0.000881s ]
INFO: [ app_begin ] --START--
INFO: ReadHtmlCache Behavior ::run [ RunTime:0.000517s ]
INFO: [ app_begin ] --END-- [ RunTime:0.000594s ]
SQL: SHOW COLUMNS FROM `hd_cate` [ RunTime:0.004078s ]
SQL: SELECT * FROM `hd_cate`  [ RunTime:0.000156s ]
SQL: SHOW COLUMNS FROM `hd_attr` [ RunTime:0.001220s ]
SQL: SELECT * FROM `hd_attr`  [ RunTime:0.000129s ]
INFO: [ view_parse ] --START--
INFO: ParseTemplate Behavior ::run [ RunTime:0.010343s ]
INFO: [ view_parse ] --END-- [ RunTime:0.010452s ]
INFO: [ view_filter ] --START--
INFO: ContentReplace Behavior ::run [ RunTime:0.000284s ]
INFO: TokenBuild Behavior ::run [ RunTime:0.000301s ]
INFO: WriteHtmlCache Behavior ::run [ RunTime:0.000172s ]
INFO: ShowRuntime Behavior ::run [ RunTime:0.000411s ]
INFO: [ view_filter ] --END-- [ RunTime:0.001387s ]
INFO: [ view_end ] --START--
INFO: ShowPageTrace Behavior ::run [ RunTime:0.000605s ]
INFO: [ view_end ] --END-- [ RunTime:0.000685s ]

[ 2014-12-11T22:41:48+08:00 ] 0.0.0.0 /blog/index.php/Admin/Blog/blog.html
INFO: [ route_check ] --START--
INFO: CheckRoute Behavior ::run [ RunTime:0.000973s ]
INFO: [ route_check ] --END-- [ RunTime:0.001163s ]
INFO: [ app_begin ] --START--
INFO: ReadHtmlCache Behavior ::run [ RunTime:0.000512s ]
INFO: [ app_begin ] --END-- [ RunTime:0.000592s ]
SQL: SHOW COLUMNS FROM `hd_cate` [ RunTime:0.046185s ]
SQL: SELECT * FROM `hd_cate`  [ RunTime:0.000420s ]
SQL: SHOW COLUMNS FROM `hd_attr` [ RunTime:0.030116s ]
SQL: SELECT * FROM `hd_attr`  [ RunTime:0.000332s ]
INFO: [ view_parse ] --START--
INFO: ParseTemplate Behavior ::run [ RunTime:0.011849s ]
INFO: [ view_parse ] --END-- [ RunTime:0.012002s ]
INFO: [ view_filter ] --START--
INFO: ContentReplace Behavior ::run [ RunTime:0.000315s ]
INFO: TokenBuild Behavior ::run [ RunTime:0.000313s ]
INFO: WriteHtmlCache Behavior ::run [ RunTime:0.000178s ]
INFO: ShowRuntime Behavior ::run [ RunTime:0.000427s ]
INFO: [ view_filter ] --END-- [ RunTime:0.001442s ]
INFO: [ view_end ] --START--
INFO: ShowPageTrace Behavior ::run [ RunTime:0.000565s ]
INFO: [ view_end ] --END-- [ RunTime:0.000640s ]

